<?xml version="1.0" encoding="UTF-8"?>
<robot generator="Robot 3.2.1 (Python 3.8.3 on win32)" generated="20200604 05:26:57.489" rpa="false">
<suite id="s1" name="BusinessGrandsPortal" source="C:\Users\daksh\git\BGP-Project\BusinessGrandsPortal">
<suite id="s1-s1" name="Test" source="C:\Users\daksh\git\BGP-Project\BusinessGrandsPortal\test">
<suite id="s1-s1-s1" name="EligibilitySection1" source="C:\Users\daksh\git\BGP-Project\BusinessGrandsPortal\test\EligibilitySection1.robot">
<test id="s1-s1-s1-t1" name="US-3 TC01 Form Submission">
<kw name="Given I apply for New Grant">
<doc>Applicant Opens browser and keyin credentials</doc>
<kw name="Applicant open the browser">
<kw name="Open Browser" library="SeleniumLibrary">
<doc>Opens a new browser instance to the optional ``url``.</doc>
<arguments>
<arg>${URL}</arg>
<arg>${Browser}</arg>
</arguments>
<msg timestamp="20200604 05:26:57.703" level="INFO">Opening browser 'Chrome' to base url 'https://public:Let$BeC001@bgp-qa.gds-gov.tech/'.</msg>
<status status="PASS" starttime="20200604 05:26:57.703" endtime="20200604 05:27:02.550"></status>
</kw>
<kw name="Maximize Browser Window" library="SeleniumLibrary">
<doc>Maximizes current browser window.</doc>
<status status="PASS" starttime="20200604 05:27:02.551" endtime="20200604 05:27:04.666"></status>
</kw>
<kw name="Set Browser Implicit Wait" library="SeleniumLibrary">
<doc>Sets the implicit wait value used by Selenium.</doc>
<arguments>
<arg>5</arg>
</arguments>
<status status="PASS" starttime="20200604 05:27:04.667" endtime="20200604 05:27:04.668"></status>
</kw>
<kw name="Click Element" library="SeleniumLibrary">
<doc>Click the element identified by ``locator``.</doc>
<arguments>
<arg>id=login-button</arg>
</arguments>
<msg timestamp="20200604 05:27:04.669" level="INFO">Clicking element 'id=login-button'.</msg>
<status status="PASS" starttime="20200604 05:27:04.669" endtime="20200604 05:27:05.473"></status>
</kw>
<status status="PASS" starttime="20200604 05:26:57.702" endtime="20200604 05:27:05.474"></status>
</kw>
<kw name="Applicant key in Credentials">
<doc>Verify Applicant is able to Login with his credentials for BGP</doc>
<kw name="Input Text" library="SeleniumLibrary">
<doc>Types the given ``text`` into the text field identified by ``locator``.</doc>
<arguments>
<arg>name=CPUID</arg>
<arg>${NRIC}</arg>
</arguments>
<msg timestamp="20200604 05:27:05.475" level="INFO">Typing text 'S1234567A' into text field 'name=CPUID'.</msg>
<status status="PASS" starttime="20200604 05:27:05.474" endtime="20200604 05:27:05.565"></status>
</kw>
<kw name="Input Text" library="SeleniumLibrary">
<doc>Types the given ``text`` into the text field identified by ``locator``.</doc>
<arguments>
<arg>name=CPUID_FullName</arg>
<arg>${NAME}</arg>
</arguments>
<msg timestamp="20200604 05:27:05.565" level="INFO">Typing text 'Tan Ah Kow' into text field 'name=CPUID_FullName'.</msg>
<status status="PASS" starttime="20200604 05:27:05.565" endtime="20200604 05:27:05.638"></status>
</kw>
<kw name="Input Text" library="SeleniumLibrary">
<doc>Types the given ``text`` into the text field identified by ``locator``.</doc>
<arguments>
<arg>name=CPEntID</arg>
<arg>${UEN}</arg>
</arguments>
<msg timestamp="20200604 05:27:05.639" level="INFO">Typing text 'BGPQEDEMO' into text field 'name=CPEntID'.</msg>
<status status="PASS" starttime="20200604 05:27:05.639" endtime="20200604 05:27:05.703"></status>
</kw>
<kw name="Select From List By Label" library="SeleniumLibrary">
<doc>Selects options from selection list ``locator`` by ``labels``.</doc>
<arguments>
<arg>CPRole</arg>
<arg>Acceptor</arg>
</arguments>
<msg timestamp="20200604 05:27:05.704" level="INFO">Selecting options from selection list 'CPRole' by label Acceptor.</msg>
<status status="PASS" starttime="20200604 05:27:05.703" endtime="20200604 05:27:05.729"></status>
</kw>
<kw name="Click Button" library="SeleniumLibrary">
<doc>Clicks the button identified by ``locator``.</doc>
<arguments>
<arg>xpath://div[2]/form[2]/button[@type='submit']</arg>
</arguments>
<msg timestamp="20200604 05:27:05.729" level="INFO">Clicking button 'xpath://div[2]/form[2]/button[@type='submit']'.</msg>
<status status="PASS" starttime="20200604 05:27:05.729" endtime="20200604 05:27:06.059"></status>
</kw>
<status status="PASS" starttime="20200604 05:27:05.474" endtime="20200604 05:27:06.060"></status>
</kw>
<status status="PASS" starttime="20200604 05:26:57.702" endtime="20200604 05:27:06.060"></status>
</kw>
<kw name="When I Check for Eligibility Questions">
<doc>Verify eligibility 5 questions for applicant to I Get New Grant</doc>
<kw name="I Get New Grant">
<doc>Applicant to I Get New Grant to proceed</doc>
<kw name="Set Browser Implicit Wait" library="SeleniumLibrary">
<doc>Sets the implicit wait value used by Selenium.</doc>
<arguments>
<arg>15</arg>
</arguments>
<status status="PASS" starttime="20200604 05:27:06.061" endtime="20200604 05:27:06.061"></status>
</kw>
<kw name="Click Element" library="SeleniumLibrary">
<doc>Click the element identified by ``locator``.</doc>
<arguments>
<arg>xpath://h4[text()='Get new grant']</arg>
</arguments>
<msg timestamp="20200604 05:27:06.062" level="INFO">Clicking element 'xpath://h4[text()='Get new grant']'.</msg>
<status status="PASS" starttime="20200604 05:27:06.062" endtime="20200604 05:27:20.283"></status>
</kw>
<kw name="Sleep" library="BuiltIn">
<doc>Pauses the test executed for the given time.</doc>
<arguments>
<arg>3</arg>
</arguments>
<msg timestamp="20200604 05:27:23.285" level="INFO">Slept 3 seconds</msg>
<status status="PASS" starttime="20200604 05:27:20.283" endtime="20200604 05:27:23.286"></status>
</kw>
<kw name="Execute Javascript" library="SeleniumLibrary">
<doc>Executes the given JavaScript code with possible arguments.</doc>
<arguments>
<arg>window.scrollTo(0,1500)</arg>
</arguments>
<msg timestamp="20200604 05:27:23.289" level="INFO">Executing JavaScript:
window.scrollTo(0,1500)
Without any arguments.</msg>
<status status="PASS" starttime="20200604 05:27:23.287" endtime="20200604 05:27:23.307"></status>
</kw>
<kw name="Click Element" library="SeleniumLibrary">
<doc>Click the element identified by ``locator``.</doc>
<arguments>
<arg>xpath://div[contains(text(),'IT')]</arg>
</arguments>
<msg timestamp="20200604 05:27:23.308" level="INFO">Clicking element 'xpath://div[contains(text(),'IT')]'.</msg>
<status status="PASS" starttime="20200604 05:27:23.308" endtime="20200604 05:27:23.363"></status>
</kw>
<kw name="Sleep" library="BuiltIn">
<doc>Pauses the test executed for the given time.</doc>
<arguments>
<arg>2</arg>
</arguments>
<msg timestamp="20200604 05:27:25.364" level="INFO">Slept 2 seconds</msg>
<status status="PASS" starttime="20200604 05:27:23.363" endtime="20200604 05:27:25.364"></status>
</kw>
<kw name="Click Element" library="SeleniumLibrary">
<doc>Click the element identified by ``locator``.</doc>
<arguments>
<arg>xpath://div[contains(text(),'Bring my business overseas or establish a stronger')]</arg>
</arguments>
<msg timestamp="20200604 05:27:25.365" level="INFO">Clicking element 'xpath://div[contains(text(),'Bring my business overseas or establish a stronger')]'.</msg>
<status status="PASS" starttime="20200604 05:27:25.364" endtime="20200604 05:27:25.402"></status>
</kw>
<kw name="Click Element" library="SeleniumLibrary">
<doc>Click the element identified by ``locator``.</doc>
<arguments>
<arg>xpath://div[contains(text(),'Market Readiness Assistance')]</arg>
</arguments>
<msg timestamp="20200604 05:27:25.402" level="INFO">Clicking element 'xpath://div[contains(text(),'Market Readiness Assistance')]'.</msg>
<status status="PASS" starttime="20200604 05:27:25.402" endtime="20200604 05:27:25.450"></status>
</kw>
<kw name="Sleep" library="BuiltIn">
<doc>Pauses the test executed for the given time.</doc>
<arguments>
<arg>2</arg>
</arguments>
<msg timestamp="20200604 05:27:27.451" level="INFO">Slept 2 seconds</msg>
<status status="PASS" starttime="20200604 05:27:25.450" endtime="20200604 05:27:27.451"></status>
</kw>
<kw name="Click Button" library="SeleniumLibrary">
<doc>Clicks the button identified by ``locator``.</doc>
<arguments>
<arg>xpath://button[@id='go-to-grant']</arg>
</arguments>
<msg timestamp="20200604 05:27:27.452" level="INFO">Clicking button 'xpath://button[@id='go-to-grant']'.</msg>
<status status="PASS" starttime="20200604 05:27:27.451" endtime="20200604 05:27:27.497"></status>
</kw>
<kw name="Sleep" library="BuiltIn">
<doc>Pauses the test executed for the given time.</doc>
<arguments>
<arg>2</arg>
</arguments>
<msg timestamp="20200604 05:27:29.499" level="INFO">Slept 2 seconds</msg>
<status status="PASS" starttime="20200604 05:27:27.498" endtime="20200604 05:27:29.499"></status>
</kw>
<kw name="Click Element" library="SeleniumLibrary">
<doc>Click the element identified by ``locator``.</doc>
<arguments>
<arg>id=keyPage-form-button</arg>
</arguments>
<msg timestamp="20200604 05:27:29.500" level="INFO">Clicking element 'id=keyPage-form-button'.</msg>
<status status="PASS" starttime="20200604 05:27:29.500" endtime="20200604 05:27:29.796"></status>
</kw>
<kw name="Sleep" library="BuiltIn">
<doc>Pauses the test executed for the given time.</doc>
<arguments>
<arg>2</arg>
</arguments>
<msg timestamp="20200604 05:27:31.797" level="INFO">Slept 2 seconds</msg>
<status status="PASS" starttime="20200604 05:27:29.796" endtime="20200604 05:27:31.797"></status>
</kw>
<status status="PASS" starttime="20200604 05:27:06.060" endtime="20200604 05:27:31.797"></status>
</kw>
<kw name="Click Element" library="SeleniumLibrary">
<doc>Click the element identified by ``locator``.</doc>
<arguments>
<arg>xpath://div[4]//div[1]//div[2]//label[1]//span[1]</arg>
</arguments>
<msg timestamp="20200604 05:27:31.798" level="INFO">Clicking element 'xpath://div[4]//div[1]//div[2]//label[1]//span[1]'.</msg>
<status status="PASS" starttime="20200604 05:27:31.798" endtime="20200604 05:27:31.845"></status>
</kw>
<kw name="Click Element" library="SeleniumLibrary">
<doc>Click the element identified by ``locator``.</doc>
<arguments>
<arg>xpath://div[5]//div[1]//div[2]//label[1]//span[1]</arg>
</arguments>
<msg timestamp="20200604 05:27:31.846" level="INFO">Clicking element 'xpath://div[5]//div[1]//div[2]//label[1]//span[1]'.</msg>
<status status="PASS" starttime="20200604 05:27:31.846" endtime="20200604 05:27:31.905"></status>
</kw>
<kw name="Click Element" library="SeleniumLibrary">
<doc>Click the element identified by ``locator``.</doc>
<arguments>
<arg>xpath://div[6]//div[1]//div[2]//label[1]//span[1]</arg>
</arguments>
<msg timestamp="20200604 05:27:31.905" level="INFO">Clicking element 'xpath://div[6]//div[1]//div[2]//label[1]//span[1]'.</msg>
<status status="PASS" starttime="20200604 05:27:31.905" endtime="20200604 05:27:31.955"></status>
</kw>
<kw name="Click Element" library="SeleniumLibrary">
<doc>Click the element identified by ``locator``.</doc>
<arguments>
<arg>xpath://div[7]//div[1]//div[2]//label[1]//span[1]</arg>
</arguments>
<msg timestamp="20200604 05:27:31.955" level="INFO">Clicking element 'xpath://div[7]//div[1]//div[2]//label[1]//span[1]'.</msg>
<status status="PASS" starttime="20200604 05:27:31.955" endtime="20200604 05:27:32.006"></status>
</kw>
<kw name="Click Element" library="SeleniumLibrary">
<doc>Click the element identified by ``locator``.</doc>
<arguments>
<arg>xpath://div[8]//div[1]//div[2]//label[1]//span[1]</arg>
</arguments>
<msg timestamp="20200604 05:27:32.007" level="INFO">Clicking element 'xpath://div[8]//div[1]//div[2]//label[1]//span[1]'.</msg>
<status status="PASS" starttime="20200604 05:27:32.007" endtime="20200604 05:27:32.058"></status>
</kw>
<kw name="Click Button" library="SeleniumLibrary">
<doc>Clicks the button identified by ``locator``.</doc>
<arguments>
<arg>${SAVE}</arg>
</arguments>
<msg timestamp="20200604 05:27:32.059" level="INFO">Clicking button 'id=save-btn'.</msg>
<status status="PASS" starttime="20200604 05:27:32.058" endtime="20200604 05:27:32.128"></status>
</kw>
<status status="PASS" starttime="20200604 05:27:06.060" endtime="20200604 05:27:32.129"></status>
</kw>
<kw name="Then Sleep" library="BuiltIn">
<doc>Pauses the test executed for the given time.</doc>
<arguments>
<arg>2</arg>
</arguments>
<msg timestamp="20200604 05:27:34.131" level="INFO">Slept 2 seconds</msg>
<status status="PASS" starttime="20200604 05:27:32.130" endtime="20200604 05:27:34.131"></status>
</kw>
<kw name="And Click Button" library="SeleniumLibrary">
<doc>Clicks the button identified by ``locator``.</doc>
<arguments>
<arg>${NEXT}</arg>
</arguments>
<msg timestamp="20200604 05:27:34.133" level="INFO">Clicking button 'id=next-btn'.</msg>
<status status="PASS" starttime="20200604 05:27:34.132" endtime="20200604 05:27:34.194"></status>
</kw>
<kw name="Then I key in my Personal Contact Info">
<kw name="Input Text" library="SeleniumLibrary">
<doc>Types the given ``text`` into the text field identified by ``locator``.</doc>
<arguments>
<arg>${CONTACT_NAME}</arg>
<arg>David</arg>
</arguments>
<msg timestamp="20200604 05:27:34.195" level="INFO">Typing text 'David' into text field 'xpath://input[@id='react-contact_info-name']'.</msg>
<status status="PASS" starttime="20200604 05:27:34.194" endtime="20200604 05:27:34.449"></status>
</kw>
<kw name="Input Text" library="SeleniumLibrary">
<doc>Types the given ``text`` into the text field identified by ``locator``.</doc>
<arguments>
<arg>${CONTACT_DESIGNATION}</arg>
<arg>Marketing Manager</arg>
</arguments>
<msg timestamp="20200604 05:27:34.450" level="INFO">Typing text 'Marketing Manager' into text field 'xpath://input[@id='react-contact_info-designation']'.</msg>
<status status="PASS" starttime="20200604 05:27:34.449" endtime="20200604 05:27:34.699"></status>
</kw>
<kw name="Input Text" library="SeleniumLibrary">
<doc>Types the given ``text`` into the text field identified by ``locator``.</doc>
<arguments>
<arg>${CONTACT_PHONE_NO}</arg>
<arg>91445566</arg>
</arguments>
<msg timestamp="20200604 05:27:34.700" level="INFO">Typing text '91445566' into text field 'xpath://input[@id='react-contact_info-phone']'.</msg>
<status status="PASS" starttime="20200604 05:27:34.700" endtime="20200604 05:27:34.816"></status>
</kw>
<kw name="Input Text" library="SeleniumLibrary">
<doc>Types the given ``text`` into the text field identified by ``locator``.</doc>
<arguments>
<arg>${CONTACT_EMAIL_ID}</arg>
<arg>David11@gmail.com</arg>
</arguments>
<msg timestamp="20200604 05:27:34.817" level="INFO">Typing text 'David11@gmail.com' into text field 'xpath://input[@id='react-contact_info-primary_email']'.</msg>
<status status="PASS" starttime="20200604 05:27:34.817" endtime="20200604 05:27:34.999"></status>
</kw>
<kw name="Input Text" library="SeleniumLibrary">
<doc>Types the given ``text`` into the text field identified by ``locator``.</doc>
<arguments>
<arg>${CONTACT_SEC_EMAIL_ID}</arg>
<arg>David22@gmail.com</arg>
</arguments>
<msg timestamp="20200604 05:27:35.000" level="INFO">Typing text 'David22@gmail.com' into text field 'xpath://input[@id='react-contact_info-secondary_email']'.</msg>
<status status="PASS" starttime="20200604 05:27:35.000" endtime="20200604 05:27:35.175"></status>
</kw>
<status status="PASS" starttime="20200604 05:27:34.194" endtime="20200604 05:27:35.176"></status>
</kw>
<kw name="Then I key in my Personal Address Info">
<kw name="Input Text" library="SeleniumLibrary">
<doc>Types the given ``text`` into the text field identified by ``locator``.</doc>
<arguments>
<arg>id=react-contact_info-correspondence_address-postal</arg>
<arg>${POSTAL CODE}</arg>
</arguments>
<msg timestamp="20200604 05:27:35.176" level="INFO">Typing text '543318' into text field 'id=react-contact_info-correspondence_address-postal'.</msg>
<status status="PASS" starttime="20200604 05:27:35.176" endtime="20200604 05:27:35.278"></status>
</kw>
<kw name="Click Element" library="SeleniumLibrary">
<doc>Click the element identified by ``locator``.</doc>
<arguments>
<arg>xpath://span[@class='glyphicon glyphicon-search search-icon-logo']</arg>
</arguments>
<msg timestamp="20200604 05:27:35.279" level="INFO">Clicking element 'xpath://span[@class='glyphicon glyphicon-search search-icon-logo']'.</msg>
<status status="PASS" starttime="20200604 05:27:35.278" endtime="20200604 05:27:35.329"></status>
</kw>
<kw name="Sleep" library="BuiltIn">
<doc>Pauses the test executed for the given time.</doc>
<arguments>
<arg>3</arg>
</arguments>
<msg timestamp="20200604 05:27:38.330" level="INFO">Slept 3 seconds</msg>
<status status="PASS" starttime="20200604 05:27:35.329" endtime="20200604 05:27:38.331"></status>
</kw>
<kw name="Input Text" library="SeleniumLibrary">
<doc>Types the given ``text`` into the text field identified by ``locator``.</doc>
<arguments>
<arg>id=react-contact_info-correspondence_address-level</arg>
<arg>${ADD_LEVEL}</arg>
</arguments>
<msg timestamp="20200604 05:27:38.332" level="INFO">Typing text '10' into text field 'id=react-contact_info-correspondence_address-level'.</msg>
<status status="PASS" starttime="20200604 05:27:38.331" endtime="20200604 05:27:38.415"></status>
</kw>
<kw name="Input Text" library="SeleniumLibrary">
<doc>Types the given ``text`` into the text field identified by ``locator``.</doc>
<arguments>
<arg>id=react-contact_info-correspondence_address-unit</arg>
<arg>${ADD_UNIT}</arg>
</arguments>
<msg timestamp="20200604 05:27:38.416" level="INFO">Typing text '200' into text field 'id=react-contact_info-correspondence_address-unit'.</msg>
<status status="PASS" starttime="20200604 05:27:38.416" endtime="20200604 05:27:38.498"></status>
</kw>
<kw name="Input Text" library="SeleniumLibrary">
<doc>Types the given ``text`` into the text field identified by ``locator``.</doc>
<arguments>
<arg>id=react-contact_info-correspondence_address-building_name</arg>
<arg>${ADD_BUILDING}</arg>
</arguments>
<msg timestamp="20200604 05:27:38.499" level="INFO">Typing text '123C' into text field 'id=react-contact_info-correspondence_address-building_name'.</msg>
<status status="PASS" starttime="20200604 05:27:38.499" endtime="20200604 05:27:38.586"></status>
</kw>
<kw name="Click Element" library="SeleniumLibrary">
<doc>Click the element identified by ``locator``.</doc>
<arguments>
<arg>id:react-contact_info-copied</arg>
</arguments>
<msg timestamp="20200604 05:27:38.586" level="INFO">Clicking element 'id:react-contact_info-copied'.</msg>
<status status="PASS" starttime="20200604 05:27:38.586" endtime="20200604 05:27:38.639"></status>
</kw>
<kw name="Click Button" library="SeleniumLibrary">
<doc>Clicks the button identified by ``locator``.</doc>
<arguments>
<arg>${SAVE}</arg>
</arguments>
<msg timestamp="20200604 05:27:38.639" level="INFO">Clicking button 'id=save-btn'.</msg>
<status status="PASS" starttime="20200604 05:27:38.639" endtime="20200604 05:27:38.686"></status>
</kw>
<status status="PASS" starttime="20200604 05:27:35.176" endtime="20200604 05:27:38.686"></status>
</kw>
<kw name="And Click Button" library="SeleniumLibrary">
<doc>Clicks the button identified by ``locator``.</doc>
<arguments>
<arg>${NEXT}</arg>
</arguments>
<msg timestamp="20200604 05:27:38.687" level="INFO">Clicking button 'id=next-btn'.</msg>
<status status="PASS" starttime="20200604 05:27:38.686" endtime="20200604 05:27:38.742"></status>
</kw>
<kw name="Then Sleep" library="BuiltIn">
<doc>Pauses the test executed for the given time.</doc>
<arguments>
<arg>2</arg>
</arguments>
<msg timestamp="20200604 05:27:40.743" level="INFO">Slept 2 seconds</msg>
<status status="PASS" starttime="20200604 05:27:38.742" endtime="20200604 05:27:40.743"></status>
</kw>
<kw name="And I key in all Mandatory fields in Proposal Page">
<kw name="Input Text" library="SeleniumLibrary">
<doc>Types the given ``text`` into the text field identified by ``locator``.</doc>
<arguments>
<arg>id=react-project-title</arg>
<arg>${PROJECT TITLE}</arg>
</arguments>
<msg timestamp="20200604 05:27:40.744" level="INFO">Typing text 'GDS' into text field 'id=react-project-title'.</msg>
<status status="PASS" starttime="20200604 05:27:40.744" endtime="20200604 05:27:40.832"></status>
</kw>
<kw name="Input Text" library="SeleniumLibrary">
<doc>Types the given ``text`` into the text field identified by ``locator``.</doc>
<arguments>
<arg>id=react-project-start_date</arg>
<arg>${START_DATE}</arg>
</arguments>
<msg timestamp="20200604 05:27:40.833" level="INFO">Typing text '01 Aug 2020' into text field 'id=react-project-start_date'.</msg>
<status status="PASS" starttime="20200604 05:27:40.833" endtime="20200604 05:27:41.032"></status>
</kw>
<kw name="Input Text" library="SeleniumLibrary">
<doc>Types the given ``text`` into the text field identified by ``locator``.</doc>
<arguments>
<arg>id=react-project-end_date</arg>
<arg>${END_DATE}</arg>
</arguments>
<msg timestamp="20200604 05:27:41.033" level="INFO">Typing text '01 Nov 2020' into text field 'id=react-project-end_date'.</msg>
<status status="PASS" starttime="20200604 05:27:41.032" endtime="20200604 05:27:41.225"></status>
</kw>
<kw name="Input Text" library="SeleniumLibrary">
<doc>Types the given ``text`` into the text field identified by ``locator``.</doc>
<arguments>
<arg>id=react-project-description</arg>
<arg>The Business Grants Portal is a one-stop portal for businesses to apply for grants according to their needs without having to approach multiple agencies.</arg>
</arguments>
<msg timestamp="20200604 05:27:41.225" level="INFO">Typing text 'The Business Grants Portal is a one-stop portal for businesses to apply for grants according to their needs without having to approach multiple agencies.' into text field 'id=react-project-description'.</msg>
<status status="PASS" starttime="20200604 05:27:41.225" endtime="20200604 05:27:42.253"></status>
</kw>
<kw name="Click Element" library="SeleniumLibrary">
<doc>Click the element identified by ``locator``.</doc>
<arguments>
<arg>${ACTIVITY}</arg>
</arguments>
<msg timestamp="20200604 05:27:42.253" level="INFO">Clicking element 'xpath://*[contains(text(), 'Activity')]/../../following-sibling::*//div/div/span/div[contains(text(), 'Select')]'.</msg>
<status status="PASS" starttime="20200604 05:27:42.253" endtime="20200604 05:27:42.296"></status>
</kw>
<kw name="Click Element" library="SeleniumLibrary">
<doc>Click the element identified by ``locator``.</doc>
<arguments>
<arg>${ACTIVITY_LIST}</arg>
</arguments>
<msg timestamp="20200604 05:27:42.297" level="INFO">Clicking element 'xpath://div[text()='Market Entry']'.</msg>
<status status="PASS" starttime="20200604 05:27:42.297" endtime="20200604 05:27:42.381"></status>
</kw>
<kw name="Input Text" library="SeleniumLibrary">
<doc>Types the given ``text`` into the text field identified by ``locator``.</doc>
<arguments>
<arg>id=react-project-entity_type</arg>
<arg>${Type of Entity}</arg>
</arguments>
<msg timestamp="20200604 05:27:42.382" level="INFO">Typing text 'subsidiary' into text field 'id=react-project-entity_type'.</msg>
<status status="PASS" starttime="20200604 05:27:42.381" endtime="20200604 05:27:42.554"></status>
</kw>
<kw name="Input Text" library="SeleniumLibrary">
<doc>Types the given ``text`` into the text field identified by ``locator``.</doc>
<arguments>
<arg>id=react-project-shareholding_percentage</arg>
<arg>${Percentage Shareholdings}</arg>
</arguments>
<msg timestamp="20200604 05:27:42.555" level="INFO">Typing text '70' into text field 'id=react-project-shareholding_percentage'.</msg>
<status status="PASS" starttime="20200604 05:27:42.554" endtime="20200604 05:27:42.636"></status>
</kw>
<kw name="Click Element" library="SeleniumLibrary">
<doc>Click the element identified by ``locator``.</doc>
<arguments>
<arg>xpath://span[@id='react-select-project-primary_market--value']</arg>
</arguments>
<msg timestamp="20200604 05:27:42.637" level="INFO">Clicking element 'xpath://span[@id='react-select-project-primary_market--value']'.</msg>
<status status="PASS" starttime="20200604 05:27:42.637" endtime="20200604 05:27:42.709"></status>
</kw>
<kw name="Click Element" library="SeleniumLibrary">
<doc>Click the element identified by ``locator``.</doc>
<arguments>
<arg>xpath://div[text()='India']</arg>
</arguments>
<msg timestamp="20200604 05:27:42.710" level="INFO">Clicking element 'xpath://div[text()='India']'.</msg>
<status status="PASS" starttime="20200604 05:27:42.709" endtime="20200604 05:27:42.771"></status>
</kw>
<kw name="Click Element" library="SeleniumLibrary">
<doc>Click the element identified by ``locator``.</doc>
<arguments>
<arg>xpath://div[@class='controls bgp-radio-text-format']//label[1]//span[1]</arg>
</arguments>
<msg timestamp="20200604 05:27:42.772" level="INFO">Clicking element 'xpath://div[@class='controls bgp-radio-text-format']//label[1]//span[1]'.</msg>
<status status="PASS" starttime="20200604 05:27:42.772" endtime="20200604 05:27:42.828"></status>
</kw>
<kw name="Choose File" library="SeleniumLibrary">
<doc>Inputs the ``file_path`` into the file input field ``locator``.</doc>
<arguments>
<arg>xpath://input[@type='file']</arg>
<arg>${EXECDIR}${/}${Image_Path}${/}${File_Name}</arg>
</arguments>
<msg timestamp="20200604 05:27:42.829" level="INFO">Sending C:\Users\daksh\git\BGP-Project\BusinessGrandsPortal\Images\MRT.jpg to browser.</msg>
<status status="PASS" starttime="20200604 05:27:42.828" endtime="20200604 05:27:42.869"></status>
</kw>
<kw name="Sleep" library="BuiltIn">
<doc>Pauses the test executed for the given time.</doc>
<arguments>
<arg>10</arg>
</arguments>
<msg timestamp="20200604 05:27:52.871" level="INFO">Slept 10 seconds</msg>
<status status="PASS" starttime="20200604 05:27:42.869" endtime="20200604 05:27:52.871"></status>
</kw>
<kw name="Input Text" library="SeleniumLibrary">
<doc>Types the given ``text`` into the text field identified by ``locator``.</doc>
<arguments>
<arg>id=react-project-remarks</arg>
<arg>No Remarks</arg>
</arguments>
<msg timestamp="20200604 05:27:52.872" level="INFO">Typing text 'No Remarks' into text field 'id=react-project-remarks'.</msg>
<status status="PASS" starttime="20200604 05:27:52.872" endtime="20200604 05:27:53.013"></status>
</kw>
<kw name="Click Button" library="SeleniumLibrary">
<doc>Clicks the button identified by ``locator``.</doc>
<arguments>
<arg>${SAVE}</arg>
</arguments>
<msg timestamp="20200604 05:27:53.013" level="INFO">Clicking button 'id=save-btn'.</msg>
<status status="PASS" starttime="20200604 05:27:53.013" endtime="20200604 05:27:53.075"></status>
</kw>
<kw name="Click Button" library="SeleniumLibrary">
<doc>Clicks the button identified by ``locator``.</doc>
<arguments>
<arg>${NEXT}</arg>
</arguments>
<msg timestamp="20200604 05:27:53.076" level="INFO">Clicking button 'id=next-btn'.</msg>
<status status="PASS" starttime="20200604 05:27:53.075" endtime="20200604 05:27:53.165"></status>
</kw>
<status status="PASS" starttime="20200604 05:27:40.744" endtime="20200604 05:27:53.165"></status>
</kw>
<kw name="And I key in all Mandatory fields in Explain the Business Impact Page">
<kw name="Input Text" library="SeleniumLibrary">
<doc>Types the given ``text`` into the text field identified by ``locator``.</doc>
<arguments>
<arg>id=react-project_impact-fy_end_date_0</arg>
<arg>${FY_END_DATE}</arg>
</arguments>
<msg timestamp="20200604 05:27:53.166" level="INFO">Typing text '30 Jun 2020' into text field 'id=react-project_impact-fy_end_date_0'.</msg>
<status status="PASS" starttime="20200604 05:27:53.166" endtime="20200604 05:27:53.568"></status>
</kw>
<kw name="Input Text" library="SeleniumLibrary">
<doc>Types the given ``text`` into the text field identified by ``locator``.</doc>
<arguments>
<arg>id=react-project_impact-overseas_sales_0</arg>
<arg>${OVERSEAS_SALES_0}</arg>
</arguments>
<msg timestamp="20200604 05:27:53.569" level="INFO">Typing text '100,000' into text field 'id=react-project_impact-overseas_sales_0'.</msg>
<status status="PASS" starttime="20200604 05:27:53.568" endtime="20200604 05:27:53.706"></status>
</kw>
<kw name="Input Text" library="SeleniumLibrary">
<doc>Types the given ``text`` into the text field identified by ``locator``.</doc>
<arguments>
<arg>id=react-project_impact-overseas_sales_1</arg>
<arg>${OVERSEAS_SALES_1}</arg>
</arguments>
<msg timestamp="20200604 05:27:53.706" level="INFO">Typing text '200,000' into text field 'id=react-project_impact-overseas_sales_1'.</msg>
<status status="PASS" starttime="20200604 05:27:53.706" endtime="20200604 05:27:53.809"></status>
</kw>
<kw name="Input Text" library="SeleniumLibrary">
<doc>Types the given ``text`` into the text field identified by ``locator``.</doc>
<arguments>
<arg>id=react-project_impact-overseas_sales_2</arg>
<arg>${OVERSEAS_SALES_2}</arg>
</arguments>
<msg timestamp="20200604 05:27:53.809" level="INFO">Typing text '300,000' into text field 'id=react-project_impact-overseas_sales_2'.</msg>
<status status="PASS" starttime="20200604 05:27:53.809" endtime="20200604 05:27:53.912"></status>
</kw>
<kw name="Input Text" library="SeleniumLibrary">
<doc>Types the given ``text`` into the text field identified by ``locator``.</doc>
<arguments>
<arg>id=react-project_impact-overseas_sales_3</arg>
<arg>${OVERSEAS_SALES_3}</arg>
</arguments>
<msg timestamp="20200604 05:27:53.913" level="INFO">Typing text '350,000' into text field 'id=react-project_impact-overseas_sales_3'.</msg>
<status status="PASS" starttime="20200604 05:27:53.912" endtime="20200604 05:27:54.012"></status>
</kw>
<kw name="Input Text" library="SeleniumLibrary">
<doc>Types the given ``text`` into the text field identified by ``locator``.</doc>
<arguments>
<arg>id=react-project_impact-overseas_investments_0</arg>
<arg>${OVERSEAS_INVEST_0}</arg>
</arguments>
<msg timestamp="20200604 05:27:54.012" level="INFO">Typing text '170,000' into text field 'id=react-project_impact-overseas_investments_0'.</msg>
<status status="PASS" starttime="20200604 05:27:54.012" endtime="20200604 05:27:54.122"></status>
</kw>
<kw name="Input Text" library="SeleniumLibrary">
<doc>Types the given ``text`` into the text field identified by ``locator``.</doc>
<arguments>
<arg>id=react-project_impact-overseas_investments_1</arg>
<arg>${OVERSEAS_INVEST_1}</arg>
</arguments>
<msg timestamp="20200604 05:27:54.123" level="INFO">Typing text '200,000' into text field 'id=react-project_impact-overseas_investments_1'.</msg>
<status status="PASS" starttime="20200604 05:27:54.122" endtime="20200604 05:27:54.233"></status>
</kw>
<kw name="Input Text" library="SeleniumLibrary">
<doc>Types the given ``text`` into the text field identified by ``locator``.</doc>
<arguments>
<arg>id=react-project_impact-overseas_investments_2</arg>
<arg>${OVERSEAS_INVEST_2}</arg>
</arguments>
<msg timestamp="20200604 05:27:54.233" level="INFO">Typing text '350,000' into text field 'id=react-project_impact-overseas_investments_2'.</msg>
<status status="PASS" starttime="20200604 05:27:54.233" endtime="20200604 05:27:54.344"></status>
</kw>
<kw name="Input Text" library="SeleniumLibrary">
<doc>Types the given ``text`` into the text field identified by ``locator``.</doc>
<arguments>
<arg>id=react-project_impact-overseas_investments_3</arg>
<arg>${OVERSEAS_INVEST_3}</arg>
</arguments>
<msg timestamp="20200604 05:27:54.344" level="INFO">Typing text '400,000' into text field 'id=react-project_impact-overseas_investments_3'.</msg>
<status status="PASS" starttime="20200604 05:27:54.344" endtime="20200604 05:27:54.446"></status>
</kw>
<kw name="Sleep" library="BuiltIn">
<doc>Pauses the test executed for the given time.</doc>
<arguments>
<arg>2</arg>
</arguments>
<msg timestamp="20200604 05:27:56.448" level="INFO">Slept 2 seconds</msg>
<status status="PASS" starttime="20200604 05:27:54.446" endtime="20200604 05:27:56.448"></status>
</kw>
<kw name="Input Text" library="SeleniumLibrary">
<doc>Types the given ``text`` into the text field identified by ``locator``.</doc>
<arguments>
<arg>id=react-project_impact-rationale_remarks</arg>
<arg>To develop business</arg>
</arguments>
<msg timestamp="20200604 05:27:56.449" level="INFO">Typing text 'To develop business' into text field 'id=react-project_impact-rationale_remarks'.</msg>
<status status="PASS" starttime="20200604 05:27:56.448" endtime="20200604 05:27:56.627"></status>
</kw>
<kw name="Input Text" library="SeleniumLibrary">
<doc>Types the given ``text`` into the text field identified by ``locator``.</doc>
<arguments>
<arg>id= react-project_impact-benefits_remarks</arg>
<arg>To Publicity</arg>
</arguments>
<msg timestamp="20200604 05:27:56.628" level="INFO">Typing text 'To Publicity' into text field 'id= react-project_impact-benefits_remarks'.</msg>
<status status="PASS" starttime="20200604 05:27:56.628" endtime="20200604 05:27:56.755"></status>
</kw>
<kw name="Click Button" library="SeleniumLibrary">
<doc>Clicks the button identified by ``locator``.</doc>
<arguments>
<arg>${SAVE}</arg>
</arguments>
<msg timestamp="20200604 05:27:56.755" level="INFO">Clicking button 'id=save-btn'.</msg>
<status status="PASS" starttime="20200604 05:27:56.755" endtime="20200604 05:27:56.818"></status>
</kw>
<kw name="Click Button" library="SeleniumLibrary">
<doc>Clicks the button identified by ``locator``.</doc>
<arguments>
<arg>${NEXT}</arg>
</arguments>
<msg timestamp="20200604 05:27:56.818" level="INFO">Clicking button 'id=next-btn'.</msg>
<status status="PASS" starttime="20200604 05:27:56.818" endtime="20200604 05:27:56.890"></status>
</kw>
<status status="PASS" starttime="20200604 05:27:53.166" endtime="20200604 05:27:56.891"></status>
</kw>
<kw name="Then Sleep" library="BuiltIn">
<doc>Pauses the test executed for the given time.</doc>
<arguments>
<arg>2</arg>
</arguments>
<msg timestamp="20200604 05:27:58.893" level="INFO">Slept 2 seconds</msg>
<status status="PASS" starttime="20200604 05:27:56.891" endtime="20200604 05:27:58.893"></status>
</kw>
<kw name="Then I key in all Mandatory fields in Provide Details Of Costs">
<kw name="Click Element" library="SeleniumLibrary">
<doc>Click the element identified by ``locator``.</doc>
<arguments>
<arg>id=react-project_cost-vendors-accordion-header</arg>
</arguments>
<msg timestamp="20200604 05:27:58.894" level="INFO">Clicking element 'id=react-project_cost-vendors-accordion-header'.</msg>
<status status="PASS" starttime="20200604 05:27:58.894" endtime="20200604 05:27:58.928"></status>
</kw>
<kw name="Click Element" library="SeleniumLibrary">
<doc>Click the element identified by ``locator``.</doc>
<arguments>
<arg>id=react-project_cost-vendors-add-item</arg>
</arguments>
<msg timestamp="20200604 05:27:58.929" level="INFO">Clicking element 'id=react-project_cost-vendors-add-item'.</msg>
<status status="PASS" starttime="20200604 05:27:58.928" endtime="20200604 05:27:59.026"></status>
</kw>
<kw name="Click Element" library="SeleniumLibrary">
<doc>Click the element identified by ``locator``.</doc>
<arguments>
<arg>xpath://label[2]//span[1]</arg>
</arguments>
<msg timestamp="20200604 05:27:59.027" level="INFO">Clicking element 'xpath://label[2]//span[1]'.</msg>
<status status="PASS" starttime="20200604 05:27:59.027" endtime="20200604 05:27:59.283"></status>
</kw>
<kw name="Input Text" library="SeleniumLibrary">
<doc>Types the given ``text`` into the text field identified by ``locator``.</doc>
<arguments>
<arg>id=react-project_cost-vendors-0-vendor_name</arg>
<arg>Adrian Tan</arg>
</arguments>
<msg timestamp="20200604 05:27:59.284" level="INFO">Typing text 'Adrian Tan' into text field 'id=react-project_cost-vendors-0-vendor_name'.</msg>
<status status="PASS" starttime="20200604 05:27:59.284" endtime="20200604 05:27:59.536"></status>
</kw>
<kw name="Choose File" library="SeleniumLibrary">
<doc>Inputs the ``file_path`` into the file input field ``locator``.</doc>
<arguments>
<arg>xpath://input[@type='file']</arg>
<arg>${EXECDIR}${/}${Image_Path}${/}${File_Name}</arg>
</arguments>
<msg timestamp="20200604 05:27:59.538" level="INFO">Sending C:\Users\daksh\git\BGP-Project\BusinessGrandsPortal\Images\MRT.jpg to browser.</msg>
<status status="PASS" starttime="20200604 05:27:59.537" endtime="20200604 05:27:59.581"></status>
</kw>
<kw name="Sleep" library="BuiltIn">
<doc>Pauses the test executed for the given time.</doc>
<arguments>
<arg>5</arg>
</arguments>
<msg timestamp="20200604 05:28:04.582" level="INFO">Slept 5 seconds</msg>
<status status="PASS" starttime="20200604 05:27:59.581" endtime="20200604 05:28:04.582"></status>
</kw>
<kw name="Input Text" library="SeleniumLibrary">
<doc>Types the given ``text`` into the text field identified by ``locator``.</doc>
<arguments>
<arg>id=react-project_cost-vendors-0-amount_in_billing_currency</arg>
<arg>100,000,000</arg>
</arguments>
<msg timestamp="20200604 05:28:04.584" level="INFO">Typing text '100,000,000' into text field 'id=react-project_cost-vendors-0-amount_in_billing_currency'.</msg>
<status status="PASS" starttime="20200604 05:28:04.583" endtime="20200604 05:28:04.813"></status>
</kw>
<kw name="Input Text" library="SeleniumLibrary">
<doc>Types the given ``text`` into the text field identified by ``locator``.</doc>
<arguments>
<arg>id=react-project_cost-remarks</arg>
<arg>No Remarks</arg>
</arguments>
<msg timestamp="20200604 05:28:04.814" level="INFO">Typing text 'No Remarks' into text field 'id=react-project_cost-remarks'.</msg>
<status status="PASS" starttime="20200604 05:28:04.813" endtime="20200604 05:28:05.045"></status>
</kw>
<kw name="Click Button" library="SeleniumLibrary">
<doc>Clicks the button identified by ``locator``.</doc>
<arguments>
<arg>${SAVE}</arg>
</arguments>
<msg timestamp="20200604 05:28:05.045" level="INFO">Clicking button 'id=save-btn'.</msg>
<status status="PASS" starttime="20200604 05:28:05.045" endtime="20200604 05:28:05.100"></status>
</kw>
<kw name="Click Button" library="SeleniumLibrary">
<doc>Clicks the button identified by ``locator``.</doc>
<arguments>
<arg>${NEXT}</arg>
</arguments>
<msg timestamp="20200604 05:28:05.101" level="INFO">Clicking button 'id=next-btn'.</msg>
<status status="PASS" starttime="20200604 05:28:05.100" endtime="20200604 05:28:05.160"></status>
</kw>
<status status="PASS" starttime="20200604 05:27:58.893" endtime="20200604 05:28:05.161"></status>
</kw>
<kw name="Then I key in all Mandatory fields in declare And Acknowledge Terms">
<kw name="Click Element" library="SeleniumLibrary">
<doc>Click the element identified by ``locator``.</doc>
<arguments>
<arg>xpath://li[1]//div[1]//div[2]//label[1]//span[1]</arg>
</arguments>
<msg timestamp="20200604 05:28:05.161" level="INFO">Clicking element 'xpath://li[1]//div[1]//div[2]//label[1]//span[1]'.</msg>
<status status="PASS" starttime="20200604 05:28:05.161" endtime="20200604 05:28:05.707"></status>
</kw>
<kw name="Click Element" library="SeleniumLibrary">
<doc>Click the element identified by ``locator``.</doc>
<arguments>
<arg>xpath://li[2]//div[1]//div[2]//label[1]//span[1]</arg>
</arguments>
<msg timestamp="20200604 05:28:05.708" level="INFO">Clicking element 'xpath://li[2]//div[1]//div[2]//label[1]//span[1]'.</msg>
<status status="PASS" starttime="20200604 05:28:05.708" endtime="20200604 05:28:05.766"></status>
</kw>
<kw name="Click Element" library="SeleniumLibrary">
<doc>Click the element identified by ``locator``.</doc>
<arguments>
<arg>xpath://li[3]//div[1]//div[2]//label[1]//span[1]</arg>
</arguments>
<msg timestamp="20200604 05:28:05.766" level="INFO">Clicking element 'xpath://li[3]//div[1]//div[2]//label[1]//span[1]'.</msg>
<status status="PASS" starttime="20200604 05:28:05.766" endtime="20200604 05:28:05.814"></status>
</kw>
<kw name="Click Element" library="SeleniumLibrary">
<doc>Click the element identified by ``locator``.</doc>
<arguments>
<arg>xpath://li[4]//div[1]//div[2]//label[1]//span[1]</arg>
</arguments>
<msg timestamp="20200604 05:28:05.814" level="INFO">Clicking element 'xpath://li[4]//div[1]//div[2]//label[1]//span[1]'.</msg>
<status status="PASS" starttime="20200604 05:28:05.814" endtime="20200604 05:28:05.867"></status>
</kw>
<kw name="Click Element" library="SeleniumLibrary">
<doc>Click the element identified by ``locator``.</doc>
<arguments>
<arg>xpath://li[5]//div[1]//div[2]//label[1]//span[1]</arg>
</arguments>
<msg timestamp="20200604 05:28:05.867" level="INFO">Clicking element 'xpath://li[5]//div[1]//div[2]//label[1]//span[1]'.</msg>
<status status="PASS" starttime="20200604 05:28:05.867" endtime="20200604 05:28:05.915"></status>
</kw>
<kw name="Click Element" library="SeleniumLibrary">
<doc>Click the element identified by ``locator``.</doc>
<arguments>
<arg>xpath://li[6]//div[1]//div[2]//label[1]//span[1]</arg>
</arguments>
<msg timestamp="20200604 05:28:05.916" level="INFO">Clicking element 'xpath://li[6]//div[1]//div[2]//label[1]//span[1]'.</msg>
<status status="PASS" starttime="20200604 05:28:05.915" endtime="20200604 05:28:05.966"></status>
</kw>
<kw name="Click Element" library="SeleniumLibrary">
<doc>Click the element identified by ``locator``.</doc>
<arguments>
<arg>xpath://li[7]//div[1]//div[2]//label[1]//span[1]</arg>
</arguments>
<msg timestamp="20200604 05:28:05.967" level="INFO">Clicking element 'xpath://li[7]//div[1]//div[2]//label[1]//span[1]'.</msg>
<status status="PASS" starttime="20200604 05:28:05.966" endtime="20200604 05:28:06.013"></status>
</kw>
<kw name="Click Element" library="SeleniumLibrary">
<doc>Click the element identified by ``locator``.</doc>
<arguments>
<arg>xpath://li[8]//div[1]//div[2]//label[2]//span[1]</arg>
</arguments>
<msg timestamp="20200604 05:28:06.015" level="INFO">Clicking element 'xpath://li[8]//div[1]//div[2]//label[2]//span[1]'.</msg>
<status status="PASS" starttime="20200604 05:28:06.013" endtime="20200604 05:28:06.063"></status>
</kw>
<kw name="Click Element" library="SeleniumLibrary">
<doc>Click the element identified by ``locator``.</doc>
<arguments>
<arg>xpath://li[9]//div[1]//div[2]//label[2]//span[1]</arg>
</arguments>
<msg timestamp="20200604 05:28:06.063" level="INFO">Clicking element 'xpath://li[9]//div[1]//div[2]//label[2]//span[1]'.</msg>
<status status="PASS" starttime="20200604 05:28:06.063" endtime="20200604 05:28:06.113"></status>
</kw>
<kw name="Click Element" library="SeleniumLibrary">
<doc>Click the element identified by ``locator``.</doc>
<arguments>
<arg>xpath://input[@id='react-declaration-consent_acknowledgement_check']</arg>
</arguments>
<msg timestamp="20200604 05:28:06.114" level="INFO">Clicking element 'xpath://input[@id='react-declaration-consent_acknowledgement_check']'.</msg>
<status status="PASS" starttime="20200604 05:28:06.114" endtime="20200604 05:28:06.163"></status>
</kw>
<kw name="Click Button" library="SeleniumLibrary">
<doc>Clicks the button identified by ``locator``.</doc>
<arguments>
<arg>${SAVE}</arg>
</arguments>
<msg timestamp="20200604 05:28:06.164" level="INFO">Clicking button 'id=save-btn'.</msg>
<status status="PASS" starttime="20200604 05:28:06.164" endtime="20200604 05:28:06.213"></status>
</kw>
<status status="PASS" starttime="20200604 05:28:05.161" endtime="20200604 05:28:06.213"></status>
</kw>
<kw name="And Click Button" library="SeleniumLibrary">
<doc>Clicks the button identified by ``locator``.</doc>
<arguments>
<arg>id=review-btn</arg>
</arguments>
<msg timestamp="20200604 05:28:06.214" level="INFO">Clicking button 'id=review-btn'.</msg>
<status status="PASS" starttime="20200604 05:28:06.213" endtime="20200604 05:28:06.261"></status>
</kw>
<kw name="Then Click Element" library="SeleniumLibrary">
<doc>Click the element identified by ``locator``.</doc>
<arguments>
<arg>id=react-declaration-info_truthfulness_check</arg>
</arguments>
<msg timestamp="20200604 05:28:06.262" level="INFO">Clicking element 'id=react-declaration-info_truthfulness_check'.</msg>
<status status="PASS" starttime="20200604 05:28:06.261" endtime="20200604 05:28:09.339"></status>
</kw>
<kw name="And Click Button" library="SeleniumLibrary">
<doc>Clicks the button identified by ``locator``.</doc>
<arguments>
<arg>id=submit-btn</arg>
</arguments>
<msg timestamp="20200604 05:28:09.340" level="INFO">Clicking button 'id=submit-btn'.</msg>
<status status="PASS" starttime="20200604 05:28:09.340" endtime="20200604 05:28:09.400"></status>
</kw>
<kw name="Log" library="BuiltIn">
<doc>Logs the given message with the given level.</doc>
<arguments>
<arg>TestComplete</arg>
</arguments>
<msg timestamp="20200604 05:28:09.401" level="INFO">TestComplete</msg>
<status status="PASS" starttime="20200604 05:28:09.401" endtime="20200604 05:28:09.401"></status>
</kw>
<doc>To Verify Applicant to successfully submit the form</doc>
<status status="PASS" starttime="20200604 05:26:57.701" endtime="20200604 05:28:09.401" critical="yes"></status>
</test>
<status status="PASS" starttime="20200604 05:26:57.541" endtime="20200604 05:28:09.402"></status>
</suite>
<status status="PASS" starttime="20200604 05:26:57.538" endtime="20200604 05:28:09.403"></status>
</suite>
<status status="PASS" starttime="20200604 05:26:57.520" endtime="20200604 05:28:09.404"></status>
</suite>
<statistics>
<total>
<stat pass="1" fail="0">Critical Tests</stat>
<stat pass="1" fail="0">All Tests</stat>
</total>
<tag>
</tag>
<suite>
<stat pass="1" fail="0" id="s1" name="BusinessGrandsPortal">BusinessGrandsPortal</stat>
<stat pass="1" fail="0" id="s1-s1" name="Test">BusinessGrandsPortal.Test</stat>
<stat pass="1" fail="0" id="s1-s1-s1" name="EligibilitySection1">BusinessGrandsPortal.Test.EligibilitySection1</stat>
</suite>
</statistics>
<errors>
</errors>
</robot>
