<?xml version="1.0" encoding="UTF-8"?>
<robot generator="Robot 3.2.1 (Python 3.8.3 on win32)" generated="20200604 02:37:42.651" rpa="false">
<suite id="s1" name="BusinessGrandsPortal" source="C:\Users\daksh\git\BGP-Project\BusinessGrandsPortal">
<suite id="s1-s1" name="Test" source="C:\Users\daksh\git\BGP-Project\BusinessGrandsPortal\test">
<suite id="s1-s1-s1" name="EligibilitySection1" source="C:\Users\daksh\git\BGP-Project\BusinessGrandsPortal\test\EligibilitySection1.robot">
<test id="s1-s1-s1-t1" name="BgpLogIn">
<kw name="Given ApplicantLogin">
<doc>Applicant Opens browser and keyin credentials</doc>
<kw name="BrowserOpen">
<kw name="Open Browser" library="SeleniumLibrary">
<doc>Opens a new browser instance to the optional ``url``.</doc>
<arguments>
<arg>${URL}</arg>
<arg>${Browser}</arg>
</arguments>
<msg timestamp="20200604 02:37:42.878" level="INFO">Opening browser 'Chrome' to base url 'https://public:Let$BeC001@bgp-qa.gds-gov.tech/'.</msg>
<status status="PASS" starttime="20200604 02:37:42.878" endtime="20200604 02:37:47.947"></status>
</kw>
<kw name="Maximize Browser Window" library="SeleniumLibrary">
<doc>Maximizes current browser window.</doc>
<status status="PASS" starttime="20200604 02:37:47.948" endtime="20200604 02:37:50.072"></status>
</kw>
<kw name="Set Browser Implicit Wait" library="SeleniumLibrary">
<doc>Sets the implicit wait value used by Selenium.</doc>
<arguments>
<arg>5</arg>
</arguments>
<status status="PASS" starttime="20200604 02:37:50.072" endtime="20200604 02:37:50.074"></status>
</kw>
<kw name="Click Element" library="SeleniumLibrary">
<doc>Click the element identified by ``locator``.</doc>
<arguments>
<arg>id=login-button</arg>
</arguments>
<msg timestamp="20200604 02:37:50.074" level="INFO">Clicking element 'id=login-button'.</msg>
<status status="PASS" starttime="20200604 02:37:50.074" endtime="20200604 02:37:50.486"></status>
</kw>
<status status="PASS" starttime="20200604 02:37:42.877" endtime="20200604 02:37:50.486"></status>
</kw>
<kw name="LoginBGP">
<doc>Login credentials for BGP</doc>
<kw name="Input Text" library="SeleniumLibrary">
<doc>Types the given ``text`` into the text field identified by ``locator``.</doc>
<arguments>
<arg>name=CPUID</arg>
<arg>${NRIC}</arg>
</arguments>
<msg timestamp="20200604 02:37:50.487" level="INFO">Typing text 'S1234567A' into text field 'name=CPUID'.</msg>
<status status="PASS" starttime="20200604 02:37:50.487" endtime="20200604 02:37:50.581"></status>
</kw>
<kw name="Input Text" library="SeleniumLibrary">
<doc>Types the given ``text`` into the text field identified by ``locator``.</doc>
<arguments>
<arg>name=CPUID_FullName</arg>
<arg>${NAME}</arg>
</arguments>
<msg timestamp="20200604 02:37:50.582" level="INFO">Typing text 'Tan Ah Kow' into text field 'name=CPUID_FullName'.</msg>
<status status="PASS" starttime="20200604 02:37:50.582" endtime="20200604 02:37:50.659"></status>
</kw>
<kw name="Input Text" library="SeleniumLibrary">
<doc>Types the given ``text`` into the text field identified by ``locator``.</doc>
<arguments>
<arg>name=CPEntID</arg>
<arg>${UEN}</arg>
</arguments>
<msg timestamp="20200604 02:37:50.659" level="INFO">Typing text 'BGPQEDEMO' into text field 'name=CPEntID'.</msg>
<status status="PASS" starttime="20200604 02:37:50.659" endtime="20200604 02:37:50.739"></status>
</kw>
<kw name="Select From List By Label" library="SeleniumLibrary">
<doc>Selects options from selection list ``locator`` by ``labels``.</doc>
<arguments>
<arg>CPRole</arg>
<arg>Acceptor</arg>
</arguments>
<msg timestamp="20200604 02:37:50.739" level="INFO">Selecting options from selection list 'CPRole' by label Acceptor.</msg>
<status status="PASS" starttime="20200604 02:37:50.739" endtime="20200604 02:37:50.769"></status>
</kw>
<kw name="Click Button" library="SeleniumLibrary">
<doc>Clicks the button identified by ``locator``.</doc>
<arguments>
<arg>xpath://div[2]/form[2]/button[@type='submit']</arg>
</arguments>
<msg timestamp="20200604 02:37:50.769" level="INFO">Clicking button 'xpath://div[2]/form[2]/button[@type='submit']'.</msg>
<status status="PASS" starttime="20200604 02:37:50.769" endtime="20200604 02:37:51.134"></status>
</kw>
<status status="PASS" starttime="20200604 02:37:50.486" endtime="20200604 02:37:51.134"></status>
</kw>
<status status="PASS" starttime="20200604 02:37:42.877" endtime="20200604 02:37:51.135"></status>
</kw>
<kw name="Close Browser" library="SeleniumLibrary">
<doc>Closes the current browser.</doc>
<status status="PASS" starttime="20200604 02:37:51.135" endtime="20200604 02:37:53.277"></status>
</kw>
<kw name="Log" library="BuiltIn">
<doc>Logs the given message with the given level.</doc>
<arguments>
<arg>TestComplete</arg>
</arguments>
<msg timestamp="20200604 02:37:53.280" level="INFO">TestComplete</msg>
<status status="PASS" starttime="20200604 02:37:53.278" endtime="20200604 02:37:53.280"></status>
</kw>
<doc>This is a simple login test</doc>
<status status="PASS" starttime="20200604 02:37:42.876" endtime="20200604 02:37:53.281" critical="yes"></status>
</test>
<test id="s1-s1-s1-t2" name="US-1 TC01 Grant Access Eligibility and Save">
<kw name="ApplicantLogin">
<doc>Applicant Opens browser and keyin credentials</doc>
<kw name="BrowserOpen">
<kw name="Open Browser" library="SeleniumLibrary">
<doc>Opens a new browser instance to the optional ``url``.</doc>
<arguments>
<arg>${URL}</arg>
<arg>${Browser}</arg>
</arguments>
<msg timestamp="20200604 02:37:53.287" level="INFO">Opening browser 'Chrome' to base url 'https://public:Let$BeC001@bgp-qa.gds-gov.tech/'.</msg>
<status status="PASS" starttime="20200604 02:37:53.286" endtime="20200604 02:37:57.095"></status>
</kw>
<kw name="Maximize Browser Window" library="SeleniumLibrary">
<doc>Maximizes current browser window.</doc>
<status status="PASS" starttime="20200604 02:37:57.095" endtime="20200604 02:37:59.217"></status>
</kw>
<kw name="Set Browser Implicit Wait" library="SeleniumLibrary">
<doc>Sets the implicit wait value used by Selenium.</doc>
<arguments>
<arg>5</arg>
</arguments>
<status status="PASS" starttime="20200604 02:37:59.217" endtime="20200604 02:37:59.220"></status>
</kw>
<kw name="Click Element" library="SeleniumLibrary">
<doc>Click the element identified by ``locator``.</doc>
<arguments>
<arg>id=login-button</arg>
</arguments>
<msg timestamp="20200604 02:37:59.221" level="INFO">Clicking element 'id=login-button'.</msg>
<status status="PASS" starttime="20200604 02:37:59.221" endtime="20200604 02:37:59.838"></status>
</kw>
<status status="PASS" starttime="20200604 02:37:53.286" endtime="20200604 02:37:59.839"></status>
</kw>
<kw name="LoginBGP">
<doc>Login credentials for BGP</doc>
<kw name="Input Text" library="SeleniumLibrary">
<doc>Types the given ``text`` into the text field identified by ``locator``.</doc>
<arguments>
<arg>name=CPUID</arg>
<arg>${NRIC}</arg>
</arguments>
<msg timestamp="20200604 02:37:59.840" level="INFO">Typing text 'S1234567A' into text field 'name=CPUID'.</msg>
<status status="PASS" starttime="20200604 02:37:59.839" endtime="20200604 02:37:59.988"></status>
</kw>
<kw name="Input Text" library="SeleniumLibrary">
<doc>Types the given ``text`` into the text field identified by ``locator``.</doc>
<arguments>
<arg>name=CPUID_FullName</arg>
<arg>${NAME}</arg>
</arguments>
<msg timestamp="20200604 02:37:59.988" level="INFO">Typing text 'Tan Ah Kow' into text field 'name=CPUID_FullName'.</msg>
<status status="PASS" starttime="20200604 02:37:59.988" endtime="20200604 02:38:00.141"></status>
</kw>
<kw name="Input Text" library="SeleniumLibrary">
<doc>Types the given ``text`` into the text field identified by ``locator``.</doc>
<arguments>
<arg>name=CPEntID</arg>
<arg>${UEN}</arg>
</arguments>
<msg timestamp="20200604 02:38:00.143" level="INFO">Typing text 'BGPQEDEMO' into text field 'name=CPEntID'.</msg>
<status status="PASS" starttime="20200604 02:38:00.142" endtime="20200604 02:38:00.290"></status>
</kw>
<kw name="Select From List By Label" library="SeleniumLibrary">
<doc>Selects options from selection list ``locator`` by ``labels``.</doc>
<arguments>
<arg>CPRole</arg>
<arg>Acceptor</arg>
</arguments>
<msg timestamp="20200604 02:38:00.291" level="INFO">Selecting options from selection list 'CPRole' by label Acceptor.</msg>
<status status="PASS" starttime="20200604 02:38:00.290" endtime="20200604 02:38:00.341"></status>
</kw>
<kw name="Click Button" library="SeleniumLibrary">
<doc>Clicks the button identified by ``locator``.</doc>
<arguments>
<arg>xpath://div[2]/form[2]/button[@type='submit']</arg>
</arguments>
<msg timestamp="20200604 02:38:00.342" level="INFO">Clicking button 'xpath://div[2]/form[2]/button[@type='submit']'.</msg>
<status status="PASS" starttime="20200604 02:38:00.341" endtime="20200604 02:38:00.817"></status>
</kw>
<status status="PASS" starttime="20200604 02:37:59.839" endtime="20200604 02:38:00.817"></status>
</kw>
<status status="PASS" starttime="20200604 02:37:53.284" endtime="20200604 02:38:00.817"></status>
</kw>
<kw name="Grant Access Eligibility and Save">
<doc>Eligibility 5 questions for applicant to get new grant and save</doc>
<kw name="GetNewGrant">
<doc>Applicant to get new grant to proceed</doc>
<kw name="Set Browser Implicit Wait" library="SeleniumLibrary">
<doc>Sets the implicit wait value used by Selenium.</doc>
<arguments>
<arg>15</arg>
</arguments>
<status status="PASS" starttime="20200604 02:38:00.818" endtime="20200604 02:38:00.820"></status>
</kw>
<kw name="Click Element" library="SeleniumLibrary">
<doc>Click the element identified by ``locator``.</doc>
<arguments>
<arg>xpath://h4[text()='Get new grant']</arg>
</arguments>
<msg timestamp="20200604 02:38:00.820" level="INFO">Clicking element 'xpath://h4[text()='Get new grant']'.</msg>
<status status="PASS" starttime="20200604 02:38:00.820" endtime="20200604 02:38:14.208"></status>
</kw>
<kw name="Sleep" library="BuiltIn">
<doc>Pauses the test executed for the given time.</doc>
<arguments>
<arg>3</arg>
</arguments>
<msg timestamp="20200604 02:38:17.209" level="INFO">Slept 3 seconds</msg>
<status status="PASS" starttime="20200604 02:38:14.209" endtime="20200604 02:38:17.210"></status>
</kw>
<kw name="Execute Javascript" library="SeleniumLibrary">
<doc>Executes the given JavaScript code with possible arguments.</doc>
<arguments>
<arg>window.scrollTo(0,1500)</arg>
</arguments>
<msg timestamp="20200604 02:38:17.212" level="INFO">Executing JavaScript:
window.scrollTo(0,1500)
Without any arguments.</msg>
<status status="PASS" starttime="20200604 02:38:17.210" endtime="20200604 02:38:17.233"></status>
</kw>
<kw name="Click Element" library="SeleniumLibrary">
<doc>Click the element identified by ``locator``.</doc>
<arguments>
<arg>xpath://div[contains(text(),'IT')]</arg>
</arguments>
<msg timestamp="20200604 02:38:17.234" level="INFO">Clicking element 'xpath://div[contains(text(),'IT')]'.</msg>
<status status="PASS" starttime="20200604 02:38:17.234" endtime="20200604 02:38:17.294"></status>
</kw>
<kw name="Sleep" library="BuiltIn">
<doc>Pauses the test executed for the given time.</doc>
<arguments>
<arg>2</arg>
</arguments>
<msg timestamp="20200604 02:38:19.294" level="INFO">Slept 2 seconds</msg>
<status status="PASS" starttime="20200604 02:38:17.294" endtime="20200604 02:38:19.294"></status>
</kw>
<kw name="Click Element" library="SeleniumLibrary">
<doc>Click the element identified by ``locator``.</doc>
<arguments>
<arg>xpath://div[contains(text(),'Bring my business overseas or establish a stronger')]</arg>
</arguments>
<msg timestamp="20200604 02:38:19.296" level="INFO">Clicking element 'xpath://div[contains(text(),'Bring my business overseas or establish a stronger')]'.</msg>
<status status="PASS" starttime="20200604 02:38:19.295" endtime="20200604 02:38:19.369"></status>
</kw>
<kw name="Click Element" library="SeleniumLibrary">
<doc>Click the element identified by ``locator``.</doc>
<arguments>
<arg>xpath://div[contains(text(),'Market Readiness Assistance')]</arg>
</arguments>
<msg timestamp="20200604 02:38:19.370" level="INFO">Clicking element 'xpath://div[contains(text(),'Market Readiness Assistance')]'.</msg>
<status status="PASS" starttime="20200604 02:38:19.369" endtime="20200604 02:38:19.430"></status>
</kw>
<kw name="Sleep" library="BuiltIn">
<doc>Pauses the test executed for the given time.</doc>
<arguments>
<arg>2</arg>
</arguments>
<msg timestamp="20200604 02:38:21.432" level="INFO">Slept 2 seconds</msg>
<status status="PASS" starttime="20200604 02:38:19.430" endtime="20200604 02:38:21.433"></status>
</kw>
<kw name="Click Button" library="SeleniumLibrary">
<doc>Clicks the button identified by ``locator``.</doc>
<arguments>
<arg>xpath://button[@id='go-to-grant']</arg>
</arguments>
<msg timestamp="20200604 02:38:21.436" level="INFO">Clicking button 'xpath://button[@id='go-to-grant']'.</msg>
<status status="PASS" starttime="20200604 02:38:21.434" endtime="20200604 02:38:21.509"></status>
</kw>
<kw name="Sleep" library="BuiltIn">
<doc>Pauses the test executed for the given time.</doc>
<arguments>
<arg>2</arg>
</arguments>
<msg timestamp="20200604 02:38:23.512" level="INFO">Slept 2 seconds</msg>
<status status="PASS" starttime="20200604 02:38:21.509" endtime="20200604 02:38:23.512"></status>
</kw>
<kw name="Click Element" library="SeleniumLibrary">
<doc>Click the element identified by ``locator``.</doc>
<arguments>
<arg>id=keyPage-form-button</arg>
</arguments>
<msg timestamp="20200604 02:38:23.514" level="INFO">Clicking element 'id=keyPage-form-button'.</msg>
<status status="PASS" starttime="20200604 02:38:23.513" endtime="20200604 02:38:23.876"></status>
</kw>
<kw name="Sleep" library="BuiltIn">
<doc>Pauses the test executed for the given time.</doc>
<arguments>
<arg>2</arg>
</arguments>
<msg timestamp="20200604 02:38:25.878" level="INFO">Slept 2 seconds</msg>
<status status="PASS" starttime="20200604 02:38:23.877" endtime="20200604 02:38:25.878"></status>
</kw>
<status status="PASS" starttime="20200604 02:38:00.818" endtime="20200604 02:38:25.879"></status>
</kw>
<kw name="Click Element" library="SeleniumLibrary">
<doc>Click the element identified by ``locator``.</doc>
<arguments>
<arg>xpath://div[4]//div[1]//div[2]//label[1]//span[1]</arg>
</arguments>
<msg timestamp="20200604 02:38:25.882" level="INFO">Clicking element 'xpath://div[4]//div[1]//div[2]//label[1]//span[1]'.</msg>
<status status="PASS" starttime="20200604 02:38:25.880" endtime="20200604 02:38:25.966"></status>
</kw>
<kw name="Click Element" library="SeleniumLibrary">
<doc>Click the element identified by ``locator``.</doc>
<arguments>
<arg>xpath://div[5]//div[1]//div[2]//label[1]//span[1]</arg>
</arguments>
<msg timestamp="20200604 02:38:25.967" level="INFO">Clicking element 'xpath://div[5]//div[1]//div[2]//label[1]//span[1]'.</msg>
<status status="PASS" starttime="20200604 02:38:25.967" endtime="20200604 02:38:26.025"></status>
</kw>
<kw name="Click Element" library="SeleniumLibrary">
<doc>Click the element identified by ``locator``.</doc>
<arguments>
<arg>xpath://div[6]//div[1]//div[2]//label[1]//span[1]</arg>
</arguments>
<msg timestamp="20200604 02:38:26.025" level="INFO">Clicking element 'xpath://div[6]//div[1]//div[2]//label[1]//span[1]'.</msg>
<status status="PASS" starttime="20200604 02:38:26.025" endtime="20200604 02:38:26.099"></status>
</kw>
<kw name="Click Element" library="SeleniumLibrary">
<doc>Click the element identified by ``locator``.</doc>
<arguments>
<arg>xpath://div[7]//div[1]//div[2]//label[1]//span[1]</arg>
</arguments>
<msg timestamp="20200604 02:38:26.100" level="INFO">Clicking element 'xpath://div[7]//div[1]//div[2]//label[1]//span[1]'.</msg>
<status status="PASS" starttime="20200604 02:38:26.099" endtime="20200604 02:38:26.152"></status>
</kw>
<kw name="Click Element" library="SeleniumLibrary">
<doc>Click the element identified by ``locator``.</doc>
<arguments>
<arg>xpath://div[8]//div[1]//div[2]//label[1]//span[1]</arg>
</arguments>
<msg timestamp="20200604 02:38:26.153" level="INFO">Clicking element 'xpath://div[8]//div[1]//div[2]//label[1]//span[1]'.</msg>
<status status="PASS" starttime="20200604 02:38:26.152" endtime="20200604 02:38:26.224"></status>
</kw>
<kw name="Click Button" library="SeleniumLibrary">
<doc>Clicks the button identified by ``locator``.</doc>
<arguments>
<arg>${SAVE}</arg>
</arguments>
<msg timestamp="20200604 02:38:26.225" level="INFO">Clicking button 'id=save-btn'.</msg>
<status status="PASS" starttime="20200604 02:38:26.225" endtime="20200604 02:38:26.299"></status>
</kw>
<status status="PASS" starttime="20200604 02:38:00.817" endtime="20200604 02:38:26.299"></status>
</kw>
<kw name="Capture Page Screenshot" library="SeleniumLibrary">
<doc>Takes a screenshot of the current page and embeds it into a log file.</doc>
<msg timestamp="20200604 02:38:26.697" level="INFO" html="yes">&lt;/td&gt;&lt;/tr&gt;&lt;tr&gt;&lt;td colspan="3"&gt;&lt;a href="selenium-screenshot-135.png"&gt;&lt;img src="selenium-screenshot-135.png" width="800px"&gt;&lt;/a&gt;</msg>
<status status="PASS" starttime="20200604 02:38:26.299" endtime="20200604 02:38:26.697"></status>
</kw>
<kw name="Log" library="BuiltIn">
<doc>Logs the given message with the given level.</doc>
<arguments>
<arg>TestComplete</arg>
</arguments>
<msg timestamp="20200604 02:38:26.698" level="INFO">TestComplete</msg>
<status status="PASS" starttime="20200604 02:38:26.697" endtime="20200604 02:38:26.698"></status>
</kw>
<doc>Eligibility questions for get new grant</doc>
<status status="PASS" starttime="20200604 02:37:53.283" endtime="20200604 02:38:26.698" critical="yes"></status>
</test>
<test id="s1-s1-s1-t3" name="US-1 TC02 Grant Access Not Eligible and open FAQ URL">
<kw name="ApplicantLogin">
<doc>Applicant Opens browser and keyin credentials</doc>
<kw name="BrowserOpen">
<kw name="Open Browser" library="SeleniumLibrary">
<doc>Opens a new browser instance to the optional ``url``.</doc>
<arguments>
<arg>${URL}</arg>
<arg>${Browser}</arg>
</arguments>
<msg timestamp="20200604 02:38:26.700" level="INFO">Opening browser 'Chrome' to base url 'https://public:Let$BeC001@bgp-qa.gds-gov.tech/'.</msg>
<status status="PASS" starttime="20200604 02:38:26.700" endtime="20200604 02:38:30.428"></status>
</kw>
<kw name="Maximize Browser Window" library="SeleniumLibrary">
<doc>Maximizes current browser window.</doc>
<status status="PASS" starttime="20200604 02:38:30.429" endtime="20200604 02:38:32.545"></status>
</kw>
<kw name="Set Browser Implicit Wait" library="SeleniumLibrary">
<doc>Sets the implicit wait value used by Selenium.</doc>
<arguments>
<arg>5</arg>
</arguments>
<status status="PASS" starttime="20200604 02:38:32.546" endtime="20200604 02:38:32.547"></status>
</kw>
<kw name="Click Element" library="SeleniumLibrary">
<doc>Click the element identified by ``locator``.</doc>
<arguments>
<arg>id=login-button</arg>
</arguments>
<msg timestamp="20200604 02:38:32.548" level="INFO">Clicking element 'id=login-button'.</msg>
<status status="PASS" starttime="20200604 02:38:32.547" endtime="20200604 02:38:32.946"></status>
</kw>
<status status="PASS" starttime="20200604 02:38:26.700" endtime="20200604 02:38:32.946"></status>
</kw>
<kw name="LoginBGP">
<doc>Login credentials for BGP</doc>
<kw name="Input Text" library="SeleniumLibrary">
<doc>Types the given ``text`` into the text field identified by ``locator``.</doc>
<arguments>
<arg>name=CPUID</arg>
<arg>${NRIC}</arg>
</arguments>
<msg timestamp="20200604 02:38:32.948" level="INFO">Typing text 'S1234567A' into text field 'name=CPUID'.</msg>
<status status="PASS" starttime="20200604 02:38:32.947" endtime="20200604 02:38:33.044"></status>
</kw>
<kw name="Input Text" library="SeleniumLibrary">
<doc>Types the given ``text`` into the text field identified by ``locator``.</doc>
<arguments>
<arg>name=CPUID_FullName</arg>
<arg>${NAME}</arg>
</arguments>
<msg timestamp="20200604 02:38:33.045" level="INFO">Typing text 'Tan Ah Kow' into text field 'name=CPUID_FullName'.</msg>
<status status="PASS" starttime="20200604 02:38:33.045" endtime="20200604 02:38:33.119"></status>
</kw>
<kw name="Input Text" library="SeleniumLibrary">
<doc>Types the given ``text`` into the text field identified by ``locator``.</doc>
<arguments>
<arg>name=CPEntID</arg>
<arg>${UEN}</arg>
</arguments>
<msg timestamp="20200604 02:38:33.120" level="INFO">Typing text 'BGPQEDEMO' into text field 'name=CPEntID'.</msg>
<status status="PASS" starttime="20200604 02:38:33.120" endtime="20200604 02:38:33.197"></status>
</kw>
<kw name="Select From List By Label" library="SeleniumLibrary">
<doc>Selects options from selection list ``locator`` by ``labels``.</doc>
<arguments>
<arg>CPRole</arg>
<arg>Acceptor</arg>
</arguments>
<msg timestamp="20200604 02:38:33.197" level="INFO">Selecting options from selection list 'CPRole' by label Acceptor.</msg>
<status status="PASS" starttime="20200604 02:38:33.197" endtime="20200604 02:38:33.225"></status>
</kw>
<kw name="Click Button" library="SeleniumLibrary">
<doc>Clicks the button identified by ``locator``.</doc>
<arguments>
<arg>xpath://div[2]/form[2]/button[@type='submit']</arg>
</arguments>
<msg timestamp="20200604 02:38:33.225" level="INFO">Clicking button 'xpath://div[2]/form[2]/button[@type='submit']'.</msg>
<status status="PASS" starttime="20200604 02:38:33.225" endtime="20200604 02:38:33.644"></status>
</kw>
<status status="PASS" starttime="20200604 02:38:32.947" endtime="20200604 02:38:33.644"></status>
</kw>
<status status="PASS" starttime="20200604 02:38:26.699" endtime="20200604 02:38:33.644"></status>
</kw>
<kw name="GetNewGrant">
<doc>Applicant to get new grant to proceed</doc>
<kw name="Set Browser Implicit Wait" library="SeleniumLibrary">
<doc>Sets the implicit wait value used by Selenium.</doc>
<arguments>
<arg>15</arg>
</arguments>
<status status="PASS" starttime="20200604 02:38:33.644" endtime="20200604 02:38:33.645"></status>
</kw>
<kw name="Click Element" library="SeleniumLibrary">
<doc>Click the element identified by ``locator``.</doc>
<arguments>
<arg>xpath://h4[text()='Get new grant']</arg>
</arguments>
<msg timestamp="20200604 02:38:33.646" level="INFO">Clicking element 'xpath://h4[text()='Get new grant']'.</msg>
<status status="PASS" starttime="20200604 02:38:33.645" endtime="20200604 02:38:46.106"></status>
</kw>
<kw name="Sleep" library="BuiltIn">
<doc>Pauses the test executed for the given time.</doc>
<arguments>
<arg>3</arg>
</arguments>
<msg timestamp="20200604 02:38:49.107" level="INFO">Slept 3 seconds</msg>
<status status="PASS" starttime="20200604 02:38:46.106" endtime="20200604 02:38:49.108"></status>
</kw>
<kw name="Execute Javascript" library="SeleniumLibrary">
<doc>Executes the given JavaScript code with possible arguments.</doc>
<arguments>
<arg>window.scrollTo(0,1500)</arg>
</arguments>
<msg timestamp="20200604 02:38:49.112" level="INFO">Executing JavaScript:
window.scrollTo(0,1500)
Without any arguments.</msg>
<status status="PASS" starttime="20200604 02:38:49.109" endtime="20200604 02:38:49.142"></status>
</kw>
<kw name="Click Element" library="SeleniumLibrary">
<doc>Click the element identified by ``locator``.</doc>
<arguments>
<arg>xpath://div[contains(text(),'IT')]</arg>
</arguments>
<msg timestamp="20200604 02:38:49.143" level="INFO">Clicking element 'xpath://div[contains(text(),'IT')]'.</msg>
<status status="PASS" starttime="20200604 02:38:49.142" endtime="20200604 02:38:49.232"></status>
</kw>
<kw name="Sleep" library="BuiltIn">
<doc>Pauses the test executed for the given time.</doc>
<arguments>
<arg>2</arg>
</arguments>
<msg timestamp="20200604 02:38:51.234" level="INFO">Slept 2 seconds</msg>
<status status="PASS" starttime="20200604 02:38:49.232" endtime="20200604 02:38:51.234"></status>
</kw>
<kw name="Click Element" library="SeleniumLibrary">
<doc>Click the element identified by ``locator``.</doc>
<arguments>
<arg>xpath://div[contains(text(),'Bring my business overseas or establish a stronger')]</arg>
</arguments>
<msg timestamp="20200604 02:38:51.236" level="INFO">Clicking element 'xpath://div[contains(text(),'Bring my business overseas or establish a stronger')]'.</msg>
<status status="PASS" starttime="20200604 02:38:51.234" endtime="20200604 02:38:51.294"></status>
</kw>
<kw name="Click Element" library="SeleniumLibrary">
<doc>Click the element identified by ``locator``.</doc>
<arguments>
<arg>xpath://div[contains(text(),'Market Readiness Assistance')]</arg>
</arguments>
<msg timestamp="20200604 02:38:51.295" level="INFO">Clicking element 'xpath://div[contains(text(),'Market Readiness Assistance')]'.</msg>
<status status="PASS" starttime="20200604 02:38:51.295" endtime="20200604 02:38:51.354"></status>
</kw>
<kw name="Sleep" library="BuiltIn">
<doc>Pauses the test executed for the given time.</doc>
<arguments>
<arg>2</arg>
</arguments>
<msg timestamp="20200604 02:38:53.356" level="INFO">Slept 2 seconds</msg>
<status status="PASS" starttime="20200604 02:38:51.355" endtime="20200604 02:38:53.356"></status>
</kw>
<kw name="Click Button" library="SeleniumLibrary">
<doc>Clicks the button identified by ``locator``.</doc>
<arguments>
<arg>xpath://button[@id='go-to-grant']</arg>
</arguments>
<msg timestamp="20200604 02:38:53.357" level="INFO">Clicking button 'xpath://button[@id='go-to-grant']'.</msg>
<status status="PASS" starttime="20200604 02:38:53.356" endtime="20200604 02:38:53.406"></status>
</kw>
<kw name="Sleep" library="BuiltIn">
<doc>Pauses the test executed for the given time.</doc>
<arguments>
<arg>2</arg>
</arguments>
<msg timestamp="20200604 02:38:55.407" level="INFO">Slept 2 seconds</msg>
<status status="PASS" starttime="20200604 02:38:53.406" endtime="20200604 02:38:55.407"></status>
</kw>
<kw name="Click Element" library="SeleniumLibrary">
<doc>Click the element identified by ``locator``.</doc>
<arguments>
<arg>id=keyPage-form-button</arg>
</arguments>
<msg timestamp="20200604 02:38:55.409" level="INFO">Clicking element 'id=keyPage-form-button'.</msg>
<status status="PASS" starttime="20200604 02:38:55.408" endtime="20200604 02:38:55.753"></status>
</kw>
<kw name="Sleep" library="BuiltIn">
<doc>Pauses the test executed for the given time.</doc>
<arguments>
<arg>2</arg>
</arguments>
<msg timestamp="20200604 02:38:57.753" level="INFO">Slept 2 seconds</msg>
<status status="PASS" starttime="20200604 02:38:55.753" endtime="20200604 02:38:57.753"></status>
</kw>
<status status="PASS" starttime="20200604 02:38:33.644" endtime="20200604 02:38:57.753"></status>
</kw>
<kw name="Click Element" library="SeleniumLibrary">
<doc>Click the element identified by ``locator``.</doc>
<arguments>
<arg>xpath://div[4]//div[1]//div[2]//label[1]//span[1]</arg>
</arguments>
<msg timestamp="20200604 02:38:57.754" level="INFO">Clicking element 'xpath://div[4]//div[1]//div[2]//label[1]//span[1]'.</msg>
<status status="PASS" starttime="20200604 02:38:57.754" endtime="20200604 02:38:57.805"></status>
</kw>
<kw name="Click Element" library="SeleniumLibrary">
<doc>Click the element identified by ``locator``.</doc>
<arguments>
<arg>xpath://div[5]//div[1]//div[2]//label[1]//span[1]</arg>
</arguments>
<msg timestamp="20200604 02:38:57.806" level="INFO">Clicking element 'xpath://div[5]//div[1]//div[2]//label[1]//span[1]'.</msg>
<status status="PASS" starttime="20200604 02:38:57.806" endtime="20200604 02:38:57.866"></status>
</kw>
<kw name="Click Element" library="SeleniumLibrary">
<doc>Click the element identified by ``locator``.</doc>
<arguments>
<arg>xpath://div[6]//div[1]//div[2]//label[1]//span[1]</arg>
</arguments>
<msg timestamp="20200604 02:38:57.867" level="INFO">Clicking element 'xpath://div[6]//div[1]//div[2]//label[1]//span[1]'.</msg>
<status status="PASS" starttime="20200604 02:38:57.867" endtime="20200604 02:38:57.926"></status>
</kw>
<kw name="Click Element" library="SeleniumLibrary">
<doc>Click the element identified by ``locator``.</doc>
<arguments>
<arg>xpath://div[7]//div[1]//div[2]//label[1]//span[1]</arg>
</arguments>
<msg timestamp="20200604 02:38:57.926" level="INFO">Clicking element 'xpath://div[7]//div[1]//div[2]//label[1]//span[1]'.</msg>
<status status="PASS" starttime="20200604 02:38:57.926" endtime="20200604 02:38:57.978"></status>
</kw>
<kw name="Click Element" library="SeleniumLibrary">
<doc>Click the element identified by ``locator``.</doc>
<arguments>
<arg>xpath://div[8]//div[1]//div[2]//label[2]//span[1]</arg>
</arguments>
<msg timestamp="20200604 02:38:57.979" level="INFO">Clicking element 'xpath://div[8]//div[1]//div[2]//label[2]//span[1]'.</msg>
<status status="PASS" starttime="20200604 02:38:57.978" endtime="20200604 02:38:58.032"></status>
</kw>
<kw name="Click Link" library="SeleniumLibrary">
<doc>Clicks a link identified by ``locator``.</doc>
<arguments>
<arg>xpath://span[contains(text(),'The applicant may not meet the eligibility criteri')]//a[contains(text(),'FAQ')]</arg>
</arguments>
<msg timestamp="20200604 02:38:58.034" level="INFO">Clicking link 'xpath://span[contains(text(),'The applicant may not meet the eligibility criteri')]//a[contains(text(),'FAQ')]'.</msg>
<status status="PASS" starttime="20200604 02:38:58.033" endtime="20200604 02:38:58.115"></status>
</kw>
<kw name="Capture Page Screenshot" library="SeleniumLibrary">
<doc>Takes a screenshot of the current page and embeds it into a log file.</doc>
<msg timestamp="20200604 02:38:58.552" level="INFO" html="yes">&lt;/td&gt;&lt;/tr&gt;&lt;tr&gt;&lt;td colspan="3"&gt;&lt;a href="selenium-screenshot-136.png"&gt;&lt;img src="selenium-screenshot-136.png" width="800px"&gt;&lt;/a&gt;</msg>
<status status="PASS" starttime="20200604 02:38:58.115" endtime="20200604 02:38:58.552"></status>
</kw>
<kw name="Log" library="BuiltIn">
<doc>Logs the given message with the given level.</doc>
<arguments>
<arg>TestComplete</arg>
</arguments>
<msg timestamp="20200604 02:38:58.553" level="INFO">TestComplete</msg>
<status status="PASS" starttime="20200604 02:38:58.552" endtime="20200604 02:38:58.553"></status>
</kw>
<doc>To check the eligibility section for all for one negative answer and open new windown for FAQ</doc>
<status status="PASS" starttime="20200604 02:38:26.699" endtime="20200604 02:38:58.553" critical="yes"></status>
</test>
<test id="s1-s1-s1-t4" name="US-2 TC01 Contact Details Section and save">
<kw name="ApplicantLogin">
<doc>Applicant Opens browser and keyin credentials</doc>
<kw name="BrowserOpen">
<kw name="Open Browser" library="SeleniumLibrary">
<doc>Opens a new browser instance to the optional ``url``.</doc>
<arguments>
<arg>${URL}</arg>
<arg>${Browser}</arg>
</arguments>
<msg timestamp="20200604 02:38:58.555" level="INFO">Opening browser 'Chrome' to base url 'https://public:Let$BeC001@bgp-qa.gds-gov.tech/'.</msg>
<status status="PASS" starttime="20200604 02:38:58.555" endtime="20200604 02:39:02.526"></status>
</kw>
<kw name="Maximize Browser Window" library="SeleniumLibrary">
<doc>Maximizes current browser window.</doc>
<status status="PASS" starttime="20200604 02:39:02.527" endtime="20200604 02:39:04.661"></status>
</kw>
<kw name="Set Browser Implicit Wait" library="SeleniumLibrary">
<doc>Sets the implicit wait value used by Selenium.</doc>
<arguments>
<arg>5</arg>
</arguments>
<status status="PASS" starttime="20200604 02:39:04.661" endtime="20200604 02:39:04.663"></status>
</kw>
<kw name="Click Element" library="SeleniumLibrary">
<doc>Click the element identified by ``locator``.</doc>
<arguments>
<arg>id=login-button</arg>
</arguments>
<msg timestamp="20200604 02:39:04.664" level="INFO">Clicking element 'id=login-button'.</msg>
<status status="PASS" starttime="20200604 02:39:04.663" endtime="20200604 02:39:05.195"></status>
</kw>
<status status="PASS" starttime="20200604 02:38:58.554" endtime="20200604 02:39:05.195"></status>
</kw>
<kw name="LoginBGP">
<doc>Login credentials for BGP</doc>
<kw name="Input Text" library="SeleniumLibrary">
<doc>Types the given ``text`` into the text field identified by ``locator``.</doc>
<arguments>
<arg>name=CPUID</arg>
<arg>${NRIC}</arg>
</arguments>
<msg timestamp="20200604 02:39:05.196" level="INFO">Typing text 'S1234567A' into text field 'name=CPUID'.</msg>
<status status="PASS" starttime="20200604 02:39:05.196" endtime="20200604 02:39:05.303"></status>
</kw>
<kw name="Input Text" library="SeleniumLibrary">
<doc>Types the given ``text`` into the text field identified by ``locator``.</doc>
<arguments>
<arg>name=CPUID_FullName</arg>
<arg>${NAME}</arg>
</arguments>
<msg timestamp="20200604 02:39:05.304" level="INFO">Typing text 'Tan Ah Kow' into text field 'name=CPUID_FullName'.</msg>
<status status="PASS" starttime="20200604 02:39:05.304" endtime="20200604 02:39:05.418"></status>
</kw>
<kw name="Input Text" library="SeleniumLibrary">
<doc>Types the given ``text`` into the text field identified by ``locator``.</doc>
<arguments>
<arg>name=CPEntID</arg>
<arg>${UEN}</arg>
</arguments>
<msg timestamp="20200604 02:39:05.419" level="INFO">Typing text 'BGPQEDEMO' into text field 'name=CPEntID'.</msg>
<status status="PASS" starttime="20200604 02:39:05.419" endtime="20200604 02:39:05.524"></status>
</kw>
<kw name="Select From List By Label" library="SeleniumLibrary">
<doc>Selects options from selection list ``locator`` by ``labels``.</doc>
<arguments>
<arg>CPRole</arg>
<arg>Acceptor</arg>
</arguments>
<msg timestamp="20200604 02:39:05.524" level="INFO">Selecting options from selection list 'CPRole' by label Acceptor.</msg>
<status status="PASS" starttime="20200604 02:39:05.524" endtime="20200604 02:39:05.563"></status>
</kw>
<kw name="Click Button" library="SeleniumLibrary">
<doc>Clicks the button identified by ``locator``.</doc>
<arguments>
<arg>xpath://div[2]/form[2]/button[@type='submit']</arg>
</arguments>
<msg timestamp="20200604 02:39:05.564" level="INFO">Clicking button 'xpath://div[2]/form[2]/button[@type='submit']'.</msg>
<status status="PASS" starttime="20200604 02:39:05.563" endtime="20200604 02:39:05.970"></status>
</kw>
<status status="PASS" starttime="20200604 02:39:05.195" endtime="20200604 02:39:05.970"></status>
</kw>
<status status="PASS" starttime="20200604 02:38:58.554" endtime="20200604 02:39:05.970"></status>
</kw>
<kw name="Grant Access Eligibility and Save">
<doc>Eligibility 5 questions for applicant to get new grant and save</doc>
<kw name="GetNewGrant">
<doc>Applicant to get new grant to proceed</doc>
<kw name="Set Browser Implicit Wait" library="SeleniumLibrary">
<doc>Sets the implicit wait value used by Selenium.</doc>
<arguments>
<arg>15</arg>
</arguments>
<status status="PASS" starttime="20200604 02:39:05.971" endtime="20200604 02:39:05.973"></status>
</kw>
<kw name="Click Element" library="SeleniumLibrary">
<doc>Click the element identified by ``locator``.</doc>
<arguments>
<arg>xpath://h4[text()='Get new grant']</arg>
</arguments>
<msg timestamp="20200604 02:39:05.973" level="INFO">Clicking element 'xpath://h4[text()='Get new grant']'.</msg>
<status status="PASS" starttime="20200604 02:39:05.973" endtime="20200604 02:39:18.079"></status>
</kw>
<kw name="Sleep" library="BuiltIn">
<doc>Pauses the test executed for the given time.</doc>
<arguments>
<arg>3</arg>
</arguments>
<msg timestamp="20200604 02:39:21.081" level="INFO">Slept 3 seconds</msg>
<status status="PASS" starttime="20200604 02:39:18.079" endtime="20200604 02:39:21.082"></status>
</kw>
<kw name="Execute Javascript" library="SeleniumLibrary">
<doc>Executes the given JavaScript code with possible arguments.</doc>
<arguments>
<arg>window.scrollTo(0,1500)</arg>
</arguments>
<msg timestamp="20200604 02:39:21.086" level="INFO">Executing JavaScript:
window.scrollTo(0,1500)
Without any arguments.</msg>
<status status="PASS" starttime="20200604 02:39:21.083" endtime="20200604 02:39:21.113"></status>
</kw>
<kw name="Click Element" library="SeleniumLibrary">
<doc>Click the element identified by ``locator``.</doc>
<arguments>
<arg>xpath://div[contains(text(),'IT')]</arg>
</arguments>
<msg timestamp="20200604 02:39:21.113" level="INFO">Clicking element 'xpath://div[contains(text(),'IT')]'.</msg>
<status status="PASS" starttime="20200604 02:39:21.113" endtime="20200604 02:39:21.176"></status>
</kw>
<kw name="Sleep" library="BuiltIn">
<doc>Pauses the test executed for the given time.</doc>
<arguments>
<arg>2</arg>
</arguments>
<msg timestamp="20200604 02:39:23.178" level="INFO">Slept 2 seconds</msg>
<status status="PASS" starttime="20200604 02:39:21.177" endtime="20200604 02:39:23.178"></status>
</kw>
<kw name="Click Element" library="SeleniumLibrary">
<doc>Click the element identified by ``locator``.</doc>
<arguments>
<arg>xpath://div[contains(text(),'Bring my business overseas or establish a stronger')]</arg>
</arguments>
<msg timestamp="20200604 02:39:23.179" level="INFO">Clicking element 'xpath://div[contains(text(),'Bring my business overseas or establish a stronger')]'.</msg>
<status status="PASS" starttime="20200604 02:39:23.178" endtime="20200604 02:39:23.223"></status>
</kw>
<kw name="Click Element" library="SeleniumLibrary">
<doc>Click the element identified by ``locator``.</doc>
<arguments>
<arg>xpath://div[contains(text(),'Market Readiness Assistance')]</arg>
</arguments>
<msg timestamp="20200604 02:39:23.223" level="INFO">Clicking element 'xpath://div[contains(text(),'Market Readiness Assistance')]'.</msg>
<status status="PASS" starttime="20200604 02:39:23.223" endtime="20200604 02:39:23.264"></status>
</kw>
<kw name="Sleep" library="BuiltIn">
<doc>Pauses the test executed for the given time.</doc>
<arguments>
<arg>2</arg>
</arguments>
<msg timestamp="20200604 02:39:25.266" level="INFO">Slept 2 seconds</msg>
<status status="PASS" starttime="20200604 02:39:23.264" endtime="20200604 02:39:25.266"></status>
</kw>
<kw name="Click Button" library="SeleniumLibrary">
<doc>Clicks the button identified by ``locator``.</doc>
<arguments>
<arg>xpath://button[@id='go-to-grant']</arg>
</arguments>
<msg timestamp="20200604 02:39:25.267" level="INFO">Clicking button 'xpath://button[@id='go-to-grant']'.</msg>
<status status="PASS" starttime="20200604 02:39:25.266" endtime="20200604 02:39:25.317"></status>
</kw>
<kw name="Sleep" library="BuiltIn">
<doc>Pauses the test executed for the given time.</doc>
<arguments>
<arg>2</arg>
</arguments>
<msg timestamp="20200604 02:39:27.319" level="INFO">Slept 2 seconds</msg>
<status status="PASS" starttime="20200604 02:39:25.318" endtime="20200604 02:39:27.319"></status>
</kw>
<kw name="Click Element" library="SeleniumLibrary">
<doc>Click the element identified by ``locator``.</doc>
<arguments>
<arg>id=keyPage-form-button</arg>
</arguments>
<msg timestamp="20200604 02:39:27.320" level="INFO">Clicking element 'id=keyPage-form-button'.</msg>
<status status="PASS" starttime="20200604 02:39:27.319" endtime="20200604 02:39:27.664"></status>
</kw>
<kw name="Sleep" library="BuiltIn">
<doc>Pauses the test executed for the given time.</doc>
<arguments>
<arg>2</arg>
</arguments>
<msg timestamp="20200604 02:39:29.666" level="INFO">Slept 2 seconds</msg>
<status status="PASS" starttime="20200604 02:39:27.664" endtime="20200604 02:39:29.667"></status>
</kw>
<status status="PASS" starttime="20200604 02:39:05.971" endtime="20200604 02:39:29.668"></status>
</kw>
<kw name="Click Element" library="SeleniumLibrary">
<doc>Click the element identified by ``locator``.</doc>
<arguments>
<arg>xpath://div[4]//div[1]//div[2]//label[1]//span[1]</arg>
</arguments>
<msg timestamp="20200604 02:39:29.671" level="INFO">Clicking element 'xpath://div[4]//div[1]//div[2]//label[1]//span[1]'.</msg>
<status status="PASS" starttime="20200604 02:39:29.669" endtime="20200604 02:39:29.752"></status>
</kw>
<kw name="Click Element" library="SeleniumLibrary">
<doc>Click the element identified by ``locator``.</doc>
<arguments>
<arg>xpath://div[5]//div[1]//div[2]//label[1]//span[1]</arg>
</arguments>
<msg timestamp="20200604 02:39:29.752" level="INFO">Clicking element 'xpath://div[5]//div[1]//div[2]//label[1]//span[1]'.</msg>
<status status="PASS" starttime="20200604 02:39:29.752" endtime="20200604 02:39:29.805"></status>
</kw>
<kw name="Click Element" library="SeleniumLibrary">
<doc>Click the element identified by ``locator``.</doc>
<arguments>
<arg>xpath://div[6]//div[1]//div[2]//label[1]//span[1]</arg>
</arguments>
<msg timestamp="20200604 02:39:29.805" level="INFO">Clicking element 'xpath://div[6]//div[1]//div[2]//label[1]//span[1]'.</msg>
<status status="PASS" starttime="20200604 02:39:29.805" endtime="20200604 02:39:29.853"></status>
</kw>
<kw name="Click Element" library="SeleniumLibrary">
<doc>Click the element identified by ``locator``.</doc>
<arguments>
<arg>xpath://div[7]//div[1]//div[2]//label[1]//span[1]</arg>
</arguments>
<msg timestamp="20200604 02:39:29.854" level="INFO">Clicking element 'xpath://div[7]//div[1]//div[2]//label[1]//span[1]'.</msg>
<status status="PASS" starttime="20200604 02:39:29.853" endtime="20200604 02:39:29.921"></status>
</kw>
<kw name="Click Element" library="SeleniumLibrary">
<doc>Click the element identified by ``locator``.</doc>
<arguments>
<arg>xpath://div[8]//div[1]//div[2]//label[1]//span[1]</arg>
</arguments>
<msg timestamp="20200604 02:39:29.921" level="INFO">Clicking element 'xpath://div[8]//div[1]//div[2]//label[1]//span[1]'.</msg>
<status status="PASS" starttime="20200604 02:39:29.921" endtime="20200604 02:39:29.970"></status>
</kw>
<kw name="Click Button" library="SeleniumLibrary">
<doc>Clicks the button identified by ``locator``.</doc>
<arguments>
<arg>${SAVE}</arg>
</arguments>
<msg timestamp="20200604 02:39:29.970" level="INFO">Clicking button 'id=save-btn'.</msg>
<status status="PASS" starttime="20200604 02:39:29.970" endtime="20200604 02:39:30.034"></status>
</kw>
<status status="PASS" starttime="20200604 02:39:05.971" endtime="20200604 02:39:30.034"></status>
</kw>
<kw name="Sleep" library="BuiltIn">
<doc>Pauses the test executed for the given time.</doc>
<arguments>
<arg>2</arg>
</arguments>
<msg timestamp="20200604 02:39:32.035" level="INFO">Slept 2 seconds</msg>
<status status="PASS" starttime="20200604 02:39:30.034" endtime="20200604 02:39:32.036"></status>
</kw>
<kw name="Click Button" library="SeleniumLibrary">
<doc>Clicks the button identified by ``locator``.</doc>
<arguments>
<arg>${NEXT}</arg>
</arguments>
<msg timestamp="20200604 02:39:32.039" level="INFO">Clicking button 'id=next-btn'.</msg>
<status status="PASS" starttime="20200604 02:39:32.037" endtime="20200604 02:39:32.118"></status>
</kw>
<kw name="Personal Contact Info">
<kw name="Input Text" library="SeleniumLibrary">
<doc>Types the given ``text`` into the text field identified by ``locator``.</doc>
<arguments>
<arg>${CONTACT_NAME}</arg>
<arg>David</arg>
</arguments>
<msg timestamp="20200604 02:39:32.119" level="INFO">Typing text 'David' into text field 'xpath://input[@id='react-contact_info-name']'.</msg>
<status status="PASS" starttime="20200604 02:39:32.118" endtime="20200604 02:39:32.403"></status>
</kw>
<kw name="Input Text" library="SeleniumLibrary">
<doc>Types the given ``text`` into the text field identified by ``locator``.</doc>
<arguments>
<arg>${CONTACT_DESIGNATION}</arg>
<arg>Marketing Manager</arg>
</arguments>
<msg timestamp="20200604 02:39:32.404" level="INFO">Typing text 'Marketing Manager' into text field 'xpath://input[@id='react-contact_info-designation']'.</msg>
<status status="PASS" starttime="20200604 02:39:32.404" endtime="20200604 02:39:32.675"></status>
</kw>
<kw name="Input Text" library="SeleniumLibrary">
<doc>Types the given ``text`` into the text field identified by ``locator``.</doc>
<arguments>
<arg>${CONTACT_PHONE_NO}</arg>
<arg>91445566</arg>
</arguments>
<msg timestamp="20200604 02:39:32.676" level="INFO">Typing text '91445566' into text field 'xpath://input[@id='react-contact_info-phone']'.</msg>
<status status="PASS" starttime="20200604 02:39:32.676" endtime="20200604 02:39:32.872"></status>
</kw>
<kw name="Input Text" library="SeleniumLibrary">
<doc>Types the given ``text`` into the text field identified by ``locator``.</doc>
<arguments>
<arg>${CONTACT_EMAIL_ID}</arg>
<arg>David11@gmail.com</arg>
</arguments>
<msg timestamp="20200604 02:39:32.872" level="INFO">Typing text 'David11@gmail.com' into text field 'xpath://input[@id='react-contact_info-primary_email']'.</msg>
<status status="PASS" starttime="20200604 02:39:32.872" endtime="20200604 02:39:33.106"></status>
</kw>
<kw name="Input Text" library="SeleniumLibrary">
<doc>Types the given ``text`` into the text field identified by ``locator``.</doc>
<arguments>
<arg>${CONTACT_SEC_EMAIL_ID}</arg>
<arg>David22@gmail.com</arg>
</arguments>
<msg timestamp="20200604 02:39:33.106" level="INFO">Typing text 'David22@gmail.com' into text field 'xpath://input[@id='react-contact_info-secondary_email']'.</msg>
<status status="PASS" starttime="20200604 02:39:33.106" endtime="20200604 02:39:33.289"></status>
</kw>
<status status="PASS" starttime="20200604 02:39:32.118" endtime="20200604 02:39:33.289"></status>
</kw>
<kw name="Click Element" library="SeleniumLibrary">
<doc>Click the element identified by ``locator``.</doc>
<arguments>
<arg>id:react-contact_info-correspondence_address-copied</arg>
</arguments>
<msg timestamp="20200604 02:39:33.289" level="INFO">Clicking element 'id:react-contact_info-correspondence_address-copied'.</msg>
<status status="PASS" starttime="20200604 02:39:33.289" endtime="20200604 02:39:33.357"></status>
</kw>
<kw name="Click Element" library="SeleniumLibrary">
<doc>Click the element identified by ``locator``.</doc>
<arguments>
<arg>id:react-contact_info-copied</arg>
</arguments>
<msg timestamp="20200604 02:39:33.357" level="INFO">Clicking element 'id:react-contact_info-copied'.</msg>
<status status="PASS" starttime="20200604 02:39:33.357" endtime="20200604 02:39:33.422"></status>
</kw>
<kw name="Click Button" library="SeleniumLibrary">
<doc>Clicks the button identified by ``locator``.</doc>
<arguments>
<arg>${SAVE}</arg>
</arguments>
<msg timestamp="20200604 02:39:33.423" level="INFO">Clicking button 'id=save-btn'.</msg>
<status status="PASS" starttime="20200604 02:39:33.423" endtime="20200604 02:39:33.484"></status>
</kw>
<kw name="Log" library="BuiltIn">
<doc>Logs the given message with the given level.</doc>
<arguments>
<arg>TestComplete</arg>
</arguments>
<msg timestamp="20200604 02:39:33.484" level="INFO">TestComplete</msg>
<status status="PASS" starttime="20200604 02:39:33.484" endtime="20200604 02:39:33.484"></status>
</kw>
<doc>Applicant should be able to input values for the Main Contact Person and Letter of Offeree in the Contact Details page.</doc>
<status status="PASS" starttime="20200604 02:38:58.553" endtime="20200604 02:39:33.484" critical="yes"></status>
</test>
<test id="s1-s1-s1-t5" name="US-2 TC02 Contact Details Section_Auto_Populate_Corresponding_address and Save">
<kw name="ApplicantLogin">
<doc>Applicant Opens browser and keyin credentials</doc>
<kw name="BrowserOpen">
<kw name="Open Browser" library="SeleniumLibrary">
<doc>Opens a new browser instance to the optional ``url``.</doc>
<arguments>
<arg>${URL}</arg>
<arg>${Browser}</arg>
</arguments>
<msg timestamp="20200604 02:39:33.486" level="INFO">Opening browser 'Chrome' to base url 'https://public:Let$BeC001@bgp-qa.gds-gov.tech/'.</msg>
<status status="PASS" starttime="20200604 02:39:33.486" endtime="20200604 02:39:37.237"></status>
</kw>
<kw name="Maximize Browser Window" library="SeleniumLibrary">
<doc>Maximizes current browser window.</doc>
<status status="PASS" starttime="20200604 02:39:37.238" endtime="20200604 02:39:39.368"></status>
</kw>
<kw name="Set Browser Implicit Wait" library="SeleniumLibrary">
<doc>Sets the implicit wait value used by Selenium.</doc>
<arguments>
<arg>5</arg>
</arguments>
<status status="PASS" starttime="20200604 02:39:39.368" endtime="20200604 02:39:39.371"></status>
</kw>
<kw name="Click Element" library="SeleniumLibrary">
<doc>Click the element identified by ``locator``.</doc>
<arguments>
<arg>id=login-button</arg>
</arguments>
<msg timestamp="20200604 02:39:39.372" level="INFO">Clicking element 'id=login-button'.</msg>
<status status="PASS" starttime="20200604 02:39:39.371" endtime="20200604 02:39:39.892"></status>
</kw>
<status status="PASS" starttime="20200604 02:39:33.486" endtime="20200604 02:39:39.892"></status>
</kw>
<kw name="LoginBGP">
<doc>Login credentials for BGP</doc>
<kw name="Input Text" library="SeleniumLibrary">
<doc>Types the given ``text`` into the text field identified by ``locator``.</doc>
<arguments>
<arg>name=CPUID</arg>
<arg>${NRIC}</arg>
</arguments>
<msg timestamp="20200604 02:39:39.894" level="INFO">Typing text 'S1234567A' into text field 'name=CPUID'.</msg>
<status status="PASS" starttime="20200604 02:39:39.893" endtime="20200604 02:39:40.007"></status>
</kw>
<kw name="Input Text" library="SeleniumLibrary">
<doc>Types the given ``text`` into the text field identified by ``locator``.</doc>
<arguments>
<arg>name=CPUID_FullName</arg>
<arg>${NAME}</arg>
</arguments>
<msg timestamp="20200604 02:39:40.008" level="INFO">Typing text 'Tan Ah Kow' into text field 'name=CPUID_FullName'.</msg>
<status status="PASS" starttime="20200604 02:39:40.008" endtime="20200604 02:39:40.104"></status>
</kw>
<kw name="Input Text" library="SeleniumLibrary">
<doc>Types the given ``text`` into the text field identified by ``locator``.</doc>
<arguments>
<arg>name=CPEntID</arg>
<arg>${UEN}</arg>
</arguments>
<msg timestamp="20200604 02:39:40.105" level="INFO">Typing text 'BGPQEDEMO' into text field 'name=CPEntID'.</msg>
<status status="PASS" starttime="20200604 02:39:40.104" endtime="20200604 02:39:40.220"></status>
</kw>
<kw name="Select From List By Label" library="SeleniumLibrary">
<doc>Selects options from selection list ``locator`` by ``labels``.</doc>
<arguments>
<arg>CPRole</arg>
<arg>Acceptor</arg>
</arguments>
<msg timestamp="20200604 02:39:40.221" level="INFO">Selecting options from selection list 'CPRole' by label Acceptor.</msg>
<status status="PASS" starttime="20200604 02:39:40.221" endtime="20200604 02:39:40.268"></status>
</kw>
<kw name="Click Button" library="SeleniumLibrary">
<doc>Clicks the button identified by ``locator``.</doc>
<arguments>
<arg>xpath://div[2]/form[2]/button[@type='submit']</arg>
</arguments>
<msg timestamp="20200604 02:39:40.268" level="INFO">Clicking button 'xpath://div[2]/form[2]/button[@type='submit']'.</msg>
<status status="PASS" starttime="20200604 02:39:40.268" endtime="20200604 02:39:40.729"></status>
</kw>
<status status="PASS" starttime="20200604 02:39:39.892" endtime="20200604 02:39:40.729"></status>
</kw>
<status status="PASS" starttime="20200604 02:39:33.485" endtime="20200604 02:39:40.730"></status>
</kw>
<kw name="Grant Access Eligibility and Save">
<doc>Eligibility 5 questions for applicant to get new grant and save</doc>
<kw name="GetNewGrant">
<doc>Applicant to get new grant to proceed</doc>
<kw name="Set Browser Implicit Wait" library="SeleniumLibrary">
<doc>Sets the implicit wait value used by Selenium.</doc>
<arguments>
<arg>15</arg>
</arguments>
<status status="PASS" starttime="20200604 02:39:40.731" endtime="20200604 02:39:40.732"></status>
</kw>
<kw name="Click Element" library="SeleniumLibrary">
<doc>Click the element identified by ``locator``.</doc>
<arguments>
<arg>xpath://h4[text()='Get new grant']</arg>
</arguments>
<msg timestamp="20200604 02:39:40.733" level="INFO">Clicking element 'xpath://h4[text()='Get new grant']'.</msg>
<status status="PASS" starttime="20200604 02:39:40.732" endtime="20200604 02:39:53.060"></status>
</kw>
<kw name="Sleep" library="BuiltIn">
<doc>Pauses the test executed for the given time.</doc>
<arguments>
<arg>3</arg>
</arguments>
<msg timestamp="20200604 02:39:56.068" level="INFO">Slept 3 seconds</msg>
<status status="PASS" starttime="20200604 02:39:53.061" endtime="20200604 02:39:56.077"></status>
</kw>
<kw name="Execute Javascript" library="SeleniumLibrary">
<doc>Executes the given JavaScript code with possible arguments.</doc>
<arguments>
<arg>window.scrollTo(0,1500)</arg>
</arguments>
<msg timestamp="20200604 02:39:56.087" level="INFO">Executing JavaScript:
window.scrollTo(0,1500)
Without any arguments.</msg>
<status status="PASS" starttime="20200604 02:39:56.079" endtime="20200604 02:39:56.113"></status>
</kw>
<kw name="Click Element" library="SeleniumLibrary">
<doc>Click the element identified by ``locator``.</doc>
<arguments>
<arg>xpath://div[contains(text(),'IT')]</arg>
</arguments>
<msg timestamp="20200604 02:39:56.117" level="INFO">Clicking element 'xpath://div[contains(text(),'IT')]'.</msg>
<status status="PASS" starttime="20200604 02:39:56.116" endtime="20200604 02:39:56.232"></status>
</kw>
<kw name="Sleep" library="BuiltIn">
<doc>Pauses the test executed for the given time.</doc>
<arguments>
<arg>2</arg>
</arguments>
<msg timestamp="20200604 02:39:58.234" level="INFO">Slept 2 seconds</msg>
<status status="PASS" starttime="20200604 02:39:56.232" endtime="20200604 02:39:58.234"></status>
</kw>
<kw name="Click Element" library="SeleniumLibrary">
<doc>Click the element identified by ``locator``.</doc>
<arguments>
<arg>xpath://div[contains(text(),'Bring my business overseas or establish a stronger')]</arg>
</arguments>
<msg timestamp="20200604 02:39:58.235" level="INFO">Clicking element 'xpath://div[contains(text(),'Bring my business overseas or establish a stronger')]'.</msg>
<status status="PASS" starttime="20200604 02:39:58.234" endtime="20200604 02:39:58.288"></status>
</kw>
<kw name="Click Element" library="SeleniumLibrary">
<doc>Click the element identified by ``locator``.</doc>
<arguments>
<arg>xpath://div[contains(text(),'Market Readiness Assistance')]</arg>
</arguments>
<msg timestamp="20200604 02:39:58.289" level="INFO">Clicking element 'xpath://div[contains(text(),'Market Readiness Assistance')]'.</msg>
<status status="PASS" starttime="20200604 02:39:58.289" endtime="20200604 02:39:58.341"></status>
</kw>
<kw name="Sleep" library="BuiltIn">
<doc>Pauses the test executed for the given time.</doc>
<arguments>
<arg>2</arg>
</arguments>
<msg timestamp="20200604 02:40:00.343" level="INFO">Slept 2 seconds</msg>
<status status="PASS" starttime="20200604 02:39:58.341" endtime="20200604 02:40:00.343"></status>
</kw>
<kw name="Click Button" library="SeleniumLibrary">
<doc>Clicks the button identified by ``locator``.</doc>
<arguments>
<arg>xpath://button[@id='go-to-grant']</arg>
</arguments>
<msg timestamp="20200604 02:40:00.344" level="INFO">Clicking button 'xpath://button[@id='go-to-grant']'.</msg>
<status status="PASS" starttime="20200604 02:40:00.343" endtime="20200604 02:40:00.394"></status>
</kw>
<kw name="Sleep" library="BuiltIn">
<doc>Pauses the test executed for the given time.</doc>
<arguments>
<arg>2</arg>
</arguments>
<msg timestamp="20200604 02:40:02.396" level="INFO">Slept 2 seconds</msg>
<status status="PASS" starttime="20200604 02:40:00.394" endtime="20200604 02:40:02.396"></status>
</kw>
<kw name="Click Element" library="SeleniumLibrary">
<doc>Click the element identified by ``locator``.</doc>
<arguments>
<arg>id=keyPage-form-button</arg>
</arguments>
<msg timestamp="20200604 02:40:02.397" level="INFO">Clicking element 'id=keyPage-form-button'.</msg>
<status status="PASS" starttime="20200604 02:40:02.396" endtime="20200604 02:40:02.772"></status>
</kw>
<kw name="Sleep" library="BuiltIn">
<doc>Pauses the test executed for the given time.</doc>
<arguments>
<arg>2</arg>
</arguments>
<msg timestamp="20200604 02:40:04.776" level="INFO">Slept 2 seconds</msg>
<status status="PASS" starttime="20200604 02:40:02.773" endtime="20200604 02:40:04.776"></status>
</kw>
<status status="PASS" starttime="20200604 02:39:40.730" endtime="20200604 02:40:04.776"></status>
</kw>
<kw name="Click Element" library="SeleniumLibrary">
<doc>Click the element identified by ``locator``.</doc>
<arguments>
<arg>xpath://div[4]//div[1]//div[2]//label[1]//span[1]</arg>
</arguments>
<msg timestamp="20200604 02:40:04.777" level="INFO">Clicking element 'xpath://div[4]//div[1]//div[2]//label[1]//span[1]'.</msg>
<status status="PASS" starttime="20200604 02:40:04.777" endtime="20200604 02:40:04.839"></status>
</kw>
<kw name="Click Element" library="SeleniumLibrary">
<doc>Click the element identified by ``locator``.</doc>
<arguments>
<arg>xpath://div[5]//div[1]//div[2]//label[1]//span[1]</arg>
</arguments>
<msg timestamp="20200604 02:40:04.839" level="INFO">Clicking element 'xpath://div[5]//div[1]//div[2]//label[1]//span[1]'.</msg>
<status status="PASS" starttime="20200604 02:40:04.839" endtime="20200604 02:40:04.906"></status>
</kw>
<kw name="Click Element" library="SeleniumLibrary">
<doc>Click the element identified by ``locator``.</doc>
<arguments>
<arg>xpath://div[6]//div[1]//div[2]//label[1]//span[1]</arg>
</arguments>
<msg timestamp="20200604 02:40:04.906" level="INFO">Clicking element 'xpath://div[6]//div[1]//div[2]//label[1]//span[1]'.</msg>
<status status="PASS" starttime="20200604 02:40:04.906" endtime="20200604 02:40:04.962"></status>
</kw>
<kw name="Click Element" library="SeleniumLibrary">
<doc>Click the element identified by ``locator``.</doc>
<arguments>
<arg>xpath://div[7]//div[1]//div[2]//label[1]//span[1]</arg>
</arguments>
<msg timestamp="20200604 02:40:04.962" level="INFO">Clicking element 'xpath://div[7]//div[1]//div[2]//label[1]//span[1]'.</msg>
<status status="PASS" starttime="20200604 02:40:04.962" endtime="20200604 02:40:05.013"></status>
</kw>
<kw name="Click Element" library="SeleniumLibrary">
<doc>Click the element identified by ``locator``.</doc>
<arguments>
<arg>xpath://div[8]//div[1]//div[2]//label[1]//span[1]</arg>
</arguments>
<msg timestamp="20200604 02:40:05.014" level="INFO">Clicking element 'xpath://div[8]//div[1]//div[2]//label[1]//span[1]'.</msg>
<status status="PASS" starttime="20200604 02:40:05.013" endtime="20200604 02:40:05.082"></status>
</kw>
<kw name="Click Button" library="SeleniumLibrary">
<doc>Clicks the button identified by ``locator``.</doc>
<arguments>
<arg>${SAVE}</arg>
</arguments>
<msg timestamp="20200604 02:40:05.082" level="INFO">Clicking button 'id=save-btn'.</msg>
<status status="PASS" starttime="20200604 02:40:05.082" endtime="20200604 02:40:05.145"></status>
</kw>
<status status="PASS" starttime="20200604 02:39:40.730" endtime="20200604 02:40:05.145"></status>
</kw>
<kw name="Sleep" library="BuiltIn">
<doc>Pauses the test executed for the given time.</doc>
<arguments>
<arg>2</arg>
</arguments>
<msg timestamp="20200604 02:40:07.148" level="INFO">Slept 2 seconds</msg>
<status status="PASS" starttime="20200604 02:40:05.145" endtime="20200604 02:40:07.149"></status>
</kw>
<kw name="Click Button" library="SeleniumLibrary">
<doc>Clicks the button identified by ``locator``.</doc>
<arguments>
<arg>${NEXT}</arg>
</arguments>
<msg timestamp="20200604 02:40:07.152" level="INFO">Clicking button 'id=next-btn'.</msg>
<status status="PASS" starttime="20200604 02:40:07.150" endtime="20200604 02:40:07.219"></status>
</kw>
<kw name="Personal Contact Info">
<kw name="Input Text" library="SeleniumLibrary">
<doc>Types the given ``text`` into the text field identified by ``locator``.</doc>
<arguments>
<arg>${CONTACT_NAME}</arg>
<arg>David</arg>
</arguments>
<msg timestamp="20200604 02:40:07.221" level="INFO">Typing text 'David' into text field 'xpath://input[@id='react-contact_info-name']'.</msg>
<status status="PASS" starttime="20200604 02:40:07.220" endtime="20200604 02:40:07.527"></status>
</kw>
<kw name="Input Text" library="SeleniumLibrary">
<doc>Types the given ``text`` into the text field identified by ``locator``.</doc>
<arguments>
<arg>${CONTACT_DESIGNATION}</arg>
<arg>Marketing Manager</arg>
</arguments>
<msg timestamp="20200604 02:40:07.527" level="INFO">Typing text 'Marketing Manager' into text field 'xpath://input[@id='react-contact_info-designation']'.</msg>
<status status="PASS" starttime="20200604 02:40:07.527" endtime="20200604 02:40:07.781"></status>
</kw>
<kw name="Input Text" library="SeleniumLibrary">
<doc>Types the given ``text`` into the text field identified by ``locator``.</doc>
<arguments>
<arg>${CONTACT_PHONE_NO}</arg>
<arg>91445566</arg>
</arguments>
<msg timestamp="20200604 02:40:07.781" level="INFO">Typing text '91445566' into text field 'xpath://input[@id='react-contact_info-phone']'.</msg>
<status status="PASS" starttime="20200604 02:40:07.781" endtime="20200604 02:40:07.931"></status>
</kw>
<kw name="Input Text" library="SeleniumLibrary">
<doc>Types the given ``text`` into the text field identified by ``locator``.</doc>
<arguments>
<arg>${CONTACT_EMAIL_ID}</arg>
<arg>David11@gmail.com</arg>
</arguments>
<msg timestamp="20200604 02:40:07.931" level="INFO">Typing text 'David11@gmail.com' into text field 'xpath://input[@id='react-contact_info-primary_email']'.</msg>
<status status="PASS" starttime="20200604 02:40:07.931" endtime="20200604 02:40:08.156"></status>
</kw>
<kw name="Input Text" library="SeleniumLibrary">
<doc>Types the given ``text`` into the text field identified by ``locator``.</doc>
<arguments>
<arg>${CONTACT_SEC_EMAIL_ID}</arg>
<arg>David22@gmail.com</arg>
</arguments>
<msg timestamp="20200604 02:40:08.157" level="INFO">Typing text 'David22@gmail.com' into text field 'xpath://input[@id='react-contact_info-secondary_email']'.</msg>
<status status="PASS" starttime="20200604 02:40:08.156" endtime="20200604 02:40:08.333"></status>
</kw>
<status status="PASS" starttime="20200604 02:40:07.219" endtime="20200604 02:40:08.334"></status>
</kw>
<kw name="Personal Address Info">
<kw name="Input Text" library="SeleniumLibrary">
<doc>Types the given ``text`` into the text field identified by ``locator``.</doc>
<arguments>
<arg>id=react-contact_info-correspondence_address-postal</arg>
<arg>${POSTAL CODE}</arg>
</arguments>
<msg timestamp="20200604 02:40:08.334" level="INFO">Typing text '543318' into text field 'id=react-contact_info-correspondence_address-postal'.</msg>
<status status="PASS" starttime="20200604 02:40:08.334" endtime="20200604 02:40:08.456"></status>
</kw>
<kw name="Click Element" library="SeleniumLibrary">
<doc>Click the element identified by ``locator``.</doc>
<arguments>
<arg>xpath://span[@class='glyphicon glyphicon-search search-icon-logo']</arg>
</arguments>
<msg timestamp="20200604 02:40:08.456" level="INFO">Clicking element 'xpath://span[@class='glyphicon glyphicon-search search-icon-logo']'.</msg>
<status status="PASS" starttime="20200604 02:40:08.456" endtime="20200604 02:40:08.557"></status>
</kw>
<kw name="Sleep" library="BuiltIn">
<doc>Pauses the test executed for the given time.</doc>
<arguments>
<arg>3</arg>
</arguments>
<msg timestamp="20200604 02:40:11.559" level="INFO">Slept 3 seconds</msg>
<status status="PASS" starttime="20200604 02:40:08.557" endtime="20200604 02:40:11.559"></status>
</kw>
<kw name="Input Text" library="SeleniumLibrary">
<doc>Types the given ``text`` into the text field identified by ``locator``.</doc>
<arguments>
<arg>id=react-contact_info-correspondence_address-level</arg>
<arg>${ADD_LEVEL}</arg>
</arguments>
<msg timestamp="20200604 02:40:11.559" level="INFO">Typing text '10' into text field 'id=react-contact_info-correspondence_address-level'.</msg>
<status status="PASS" starttime="20200604 02:40:11.559" endtime="20200604 02:40:11.639"></status>
</kw>
<kw name="Input Text" library="SeleniumLibrary">
<doc>Types the given ``text`` into the text field identified by ``locator``.</doc>
<arguments>
<arg>id=react-contact_info-correspondence_address-unit</arg>
<arg>${ADD_UNIT}</arg>
</arguments>
<msg timestamp="20200604 02:40:11.639" level="INFO">Typing text '200' into text field 'id=react-contact_info-correspondence_address-unit'.</msg>
<status status="PASS" starttime="20200604 02:40:11.639" endtime="20200604 02:40:11.725"></status>
</kw>
<kw name="Input Text" library="SeleniumLibrary">
<doc>Types the given ``text`` into the text field identified by ``locator``.</doc>
<arguments>
<arg>id=react-contact_info-correspondence_address-building_name</arg>
<arg>${ADD_BUILDING}</arg>
</arguments>
<msg timestamp="20200604 02:40:11.726" level="INFO">Typing text '123C' into text field 'id=react-contact_info-correspondence_address-building_name'.</msg>
<status status="PASS" starttime="20200604 02:40:11.725" endtime="20200604 02:40:11.809"></status>
</kw>
<kw name="Click Element" library="SeleniumLibrary">
<doc>Click the element identified by ``locator``.</doc>
<arguments>
<arg>id:react-contact_info-copied</arg>
</arguments>
<msg timestamp="20200604 02:40:11.810" level="INFO">Clicking element 'id:react-contact_info-copied'.</msg>
<status status="PASS" starttime="20200604 02:40:11.809" endtime="20200604 02:40:11.865"></status>
</kw>
<kw name="Click Button" library="SeleniumLibrary">
<doc>Clicks the button identified by ``locator``.</doc>
<arguments>
<arg>${SAVE}</arg>
</arguments>
<msg timestamp="20200604 02:40:11.866" level="INFO">Clicking button 'id=save-btn'.</msg>
<status status="PASS" starttime="20200604 02:40:11.866" endtime="20200604 02:40:11.929"></status>
</kw>
<status status="PASS" starttime="20200604 02:40:08.334" endtime="20200604 02:40:11.929"></status>
</kw>
<kw name="Click Button" library="SeleniumLibrary">
<doc>Clicks the button identified by ``locator``.</doc>
<arguments>
<arg>${NEXT}</arg>
</arguments>
<msg timestamp="20200604 02:40:11.930" level="INFO">Clicking button 'id=next-btn'.</msg>
<status status="PASS" starttime="20200604 02:40:11.929" endtime="20200604 02:40:11.984"></status>
</kw>
<kw name="Log" library="BuiltIn">
<doc>Logs the given message with the given level.</doc>
<arguments>
<arg>TestComplete</arg>
</arguments>
<msg timestamp="20200604 02:40:11.985" level="INFO">TestComplete</msg>
<status status="PASS" starttime="20200604 02:40:11.985" endtime="20200604 02:40:11.985"></status>
</kw>
<doc>Valid Postal code to auto-populate upon clicking on search</doc>
<status status="PASS" starttime="20200604 02:39:33.485" endtime="20200604 02:40:11.986" critical="yes"></status>
</test>
<test id="s1-s1-s1-t6" name="US-3 TC01 Proposal Page and Save">
<kw name="ApplicantLogin">
<doc>Applicant Opens browser and keyin credentials</doc>
<kw name="BrowserOpen">
<kw name="Open Browser" library="SeleniumLibrary">
<doc>Opens a new browser instance to the optional ``url``.</doc>
<arguments>
<arg>${URL}</arg>
<arg>${Browser}</arg>
</arguments>
<msg timestamp="20200604 02:40:11.990" level="INFO">Opening browser 'Chrome' to base url 'https://public:Let$BeC001@bgp-qa.gds-gov.tech/'.</msg>
<status status="PASS" starttime="20200604 02:40:11.989" endtime="20200604 02:40:15.916"></status>
</kw>
<kw name="Maximize Browser Window" library="SeleniumLibrary">
<doc>Maximizes current browser window.</doc>
<status status="PASS" starttime="20200604 02:40:15.916" endtime="20200604 02:40:18.037"></status>
</kw>
<kw name="Set Browser Implicit Wait" library="SeleniumLibrary">
<doc>Sets the implicit wait value used by Selenium.</doc>
<arguments>
<arg>5</arg>
</arguments>
<status status="PASS" starttime="20200604 02:40:18.037" endtime="20200604 02:40:18.039"></status>
</kw>
<kw name="Click Element" library="SeleniumLibrary">
<doc>Click the element identified by ``locator``.</doc>
<arguments>
<arg>id=login-button</arg>
</arguments>
<msg timestamp="20200604 02:40:18.040" level="INFO">Clicking element 'id=login-button'.</msg>
<status status="PASS" starttime="20200604 02:40:18.039" endtime="20200604 02:40:18.477"></status>
</kw>
<status status="PASS" starttime="20200604 02:40:11.989" endtime="20200604 02:40:18.477"></status>
</kw>
<kw name="LoginBGP">
<doc>Login credentials for BGP</doc>
<kw name="Input Text" library="SeleniumLibrary">
<doc>Types the given ``text`` into the text field identified by ``locator``.</doc>
<arguments>
<arg>name=CPUID</arg>
<arg>${NRIC}</arg>
</arguments>
<msg timestamp="20200604 02:40:18.478" level="INFO">Typing text 'S1234567A' into text field 'name=CPUID'.</msg>
<status status="PASS" starttime="20200604 02:40:18.478" endtime="20200604 02:40:18.567"></status>
</kw>
<kw name="Input Text" library="SeleniumLibrary">
<doc>Types the given ``text`` into the text field identified by ``locator``.</doc>
<arguments>
<arg>name=CPUID_FullName</arg>
<arg>${NAME}</arg>
</arguments>
<msg timestamp="20200604 02:40:18.568" level="INFO">Typing text 'Tan Ah Kow' into text field 'name=CPUID_FullName'.</msg>
<status status="PASS" starttime="20200604 02:40:18.568" endtime="20200604 02:40:18.684"></status>
</kw>
<kw name="Input Text" library="SeleniumLibrary">
<doc>Types the given ``text`` into the text field identified by ``locator``.</doc>
<arguments>
<arg>name=CPEntID</arg>
<arg>${UEN}</arg>
</arguments>
<msg timestamp="20200604 02:40:18.685" level="INFO">Typing text 'BGPQEDEMO' into text field 'name=CPEntID'.</msg>
<status status="PASS" starttime="20200604 02:40:18.685" endtime="20200604 02:40:18.786"></status>
</kw>
<kw name="Select From List By Label" library="SeleniumLibrary">
<doc>Selects options from selection list ``locator`` by ``labels``.</doc>
<arguments>
<arg>CPRole</arg>
<arg>Acceptor</arg>
</arguments>
<msg timestamp="20200604 02:40:18.787" level="INFO">Selecting options from selection list 'CPRole' by label Acceptor.</msg>
<status status="PASS" starttime="20200604 02:40:18.786" endtime="20200604 02:40:18.823"></status>
</kw>
<kw name="Click Button" library="SeleniumLibrary">
<doc>Clicks the button identified by ``locator``.</doc>
<arguments>
<arg>xpath://div[2]/form[2]/button[@type='submit']</arg>
</arguments>
<msg timestamp="20200604 02:40:18.824" level="INFO">Clicking button 'xpath://div[2]/form[2]/button[@type='submit']'.</msg>
<status status="PASS" starttime="20200604 02:40:18.824" endtime="20200604 02:40:19.229"></status>
</kw>
<status status="PASS" starttime="20200604 02:40:18.477" endtime="20200604 02:40:19.229"></status>
</kw>
<status status="PASS" starttime="20200604 02:40:11.987" endtime="20200604 02:40:19.229"></status>
</kw>
<kw name="Grant Access Eligibility and Save">
<doc>Eligibility 5 questions for applicant to get new grant and save</doc>
<kw name="GetNewGrant">
<doc>Applicant to get new grant to proceed</doc>
<kw name="Set Browser Implicit Wait" library="SeleniumLibrary">
<doc>Sets the implicit wait value used by Selenium.</doc>
<arguments>
<arg>15</arg>
</arguments>
<status status="PASS" starttime="20200604 02:40:19.230" endtime="20200604 02:40:19.231"></status>
</kw>
<kw name="Click Element" library="SeleniumLibrary">
<doc>Click the element identified by ``locator``.</doc>
<arguments>
<arg>xpath://h4[text()='Get new grant']</arg>
</arguments>
<msg timestamp="20200604 02:40:19.231" level="INFO">Clicking element 'xpath://h4[text()='Get new grant']'.</msg>
<status status="PASS" starttime="20200604 02:40:19.231" endtime="20200604 02:40:31.907"></status>
</kw>
<kw name="Sleep" library="BuiltIn">
<doc>Pauses the test executed for the given time.</doc>
<arguments>
<arg>3</arg>
</arguments>
<msg timestamp="20200604 02:40:34.909" level="INFO">Slept 3 seconds</msg>
<status status="PASS" starttime="20200604 02:40:31.907" endtime="20200604 02:40:34.909"></status>
</kw>
<kw name="Execute Javascript" library="SeleniumLibrary">
<doc>Executes the given JavaScript code with possible arguments.</doc>
<arguments>
<arg>window.scrollTo(0,1500)</arg>
</arguments>
<msg timestamp="20200604 02:40:34.910" level="INFO">Executing JavaScript:
window.scrollTo(0,1500)
Without any arguments.</msg>
<status status="PASS" starttime="20200604 02:40:34.909" endtime="20200604 02:40:34.917"></status>
</kw>
<kw name="Click Element" library="SeleniumLibrary">
<doc>Click the element identified by ``locator``.</doc>
<arguments>
<arg>xpath://div[contains(text(),'IT')]</arg>
</arguments>
<msg timestamp="20200604 02:40:34.918" level="INFO">Clicking element 'xpath://div[contains(text(),'IT')]'.</msg>
<status status="PASS" starttime="20200604 02:40:34.918" endtime="20200604 02:40:34.998"></status>
</kw>
<kw name="Sleep" library="BuiltIn">
<doc>Pauses the test executed for the given time.</doc>
<arguments>
<arg>2</arg>
</arguments>
<msg timestamp="20200604 02:40:37.000" level="INFO">Slept 2 seconds</msg>
<status status="PASS" starttime="20200604 02:40:34.999" endtime="20200604 02:40:37.000"></status>
</kw>
<kw name="Click Element" library="SeleniumLibrary">
<doc>Click the element identified by ``locator``.</doc>
<arguments>
<arg>xpath://div[contains(text(),'Bring my business overseas or establish a stronger')]</arg>
</arguments>
<msg timestamp="20200604 02:40:37.001" level="INFO">Clicking element 'xpath://div[contains(text(),'Bring my business overseas or establish a stronger')]'.</msg>
<status status="PASS" starttime="20200604 02:40:37.001" endtime="20200604 02:40:37.057"></status>
</kw>
<kw name="Click Element" library="SeleniumLibrary">
<doc>Click the element identified by ``locator``.</doc>
<arguments>
<arg>xpath://div[contains(text(),'Market Readiness Assistance')]</arg>
</arguments>
<msg timestamp="20200604 02:40:37.058" level="INFO">Clicking element 'xpath://div[contains(text(),'Market Readiness Assistance')]'.</msg>
<status status="PASS" starttime="20200604 02:40:37.057" endtime="20200604 02:40:37.105"></status>
</kw>
<kw name="Sleep" library="BuiltIn">
<doc>Pauses the test executed for the given time.</doc>
<arguments>
<arg>2</arg>
</arguments>
<msg timestamp="20200604 02:40:39.107" level="INFO">Slept 2 seconds</msg>
<status status="PASS" starttime="20200604 02:40:37.105" endtime="20200604 02:40:39.107"></status>
</kw>
<kw name="Click Button" library="SeleniumLibrary">
<doc>Clicks the button identified by ``locator``.</doc>
<arguments>
<arg>xpath://button[@id='go-to-grant']</arg>
</arguments>
<msg timestamp="20200604 02:40:39.109" level="INFO">Clicking button 'xpath://button[@id='go-to-grant']'.</msg>
<status status="PASS" starttime="20200604 02:40:39.107" endtime="20200604 02:40:39.163"></status>
</kw>
<kw name="Sleep" library="BuiltIn">
<doc>Pauses the test executed for the given time.</doc>
<arguments>
<arg>2</arg>
</arguments>
<msg timestamp="20200604 02:40:41.164" level="INFO">Slept 2 seconds</msg>
<status status="PASS" starttime="20200604 02:40:39.163" endtime="20200604 02:40:41.164"></status>
</kw>
<kw name="Click Element" library="SeleniumLibrary">
<doc>Click the element identified by ``locator``.</doc>
<arguments>
<arg>id=keyPage-form-button</arg>
</arguments>
<msg timestamp="20200604 02:40:41.166" level="INFO">Clicking element 'id=keyPage-form-button'.</msg>
<status status="PASS" starttime="20200604 02:40:41.165" endtime="20200604 02:40:41.509"></status>
</kw>
<kw name="Sleep" library="BuiltIn">
<doc>Pauses the test executed for the given time.</doc>
<arguments>
<arg>2</arg>
</arguments>
<msg timestamp="20200604 02:40:43.510" level="INFO">Slept 2 seconds</msg>
<status status="PASS" starttime="20200604 02:40:41.509" endtime="20200604 02:40:43.510"></status>
</kw>
<status status="PASS" starttime="20200604 02:40:19.230" endtime="20200604 02:40:43.510"></status>
</kw>
<kw name="Click Element" library="SeleniumLibrary">
<doc>Click the element identified by ``locator``.</doc>
<arguments>
<arg>xpath://div[4]//div[1]//div[2]//label[1]//span[1]</arg>
</arguments>
<msg timestamp="20200604 02:40:43.511" level="INFO">Clicking element 'xpath://div[4]//div[1]//div[2]//label[1]//span[1]'.</msg>
<status status="PASS" starttime="20200604 02:40:43.511" endtime="20200604 02:40:43.560"></status>
</kw>
<kw name="Click Element" library="SeleniumLibrary">
<doc>Click the element identified by ``locator``.</doc>
<arguments>
<arg>xpath://div[5]//div[1]//div[2]//label[1]//span[1]</arg>
</arguments>
<msg timestamp="20200604 02:40:43.561" level="INFO">Clicking element 'xpath://div[5]//div[1]//div[2]//label[1]//span[1]'.</msg>
<status status="PASS" starttime="20200604 02:40:43.560" endtime="20200604 02:40:43.627"></status>
</kw>
<kw name="Click Element" library="SeleniumLibrary">
<doc>Click the element identified by ``locator``.</doc>
<arguments>
<arg>xpath://div[6]//div[1]//div[2]//label[1]//span[1]</arg>
</arguments>
<msg timestamp="20200604 02:40:43.628" level="INFO">Clicking element 'xpath://div[6]//div[1]//div[2]//label[1]//span[1]'.</msg>
<status status="PASS" starttime="20200604 02:40:43.627" endtime="20200604 02:40:43.675"></status>
</kw>
<kw name="Click Element" library="SeleniumLibrary">
<doc>Click the element identified by ``locator``.</doc>
<arguments>
<arg>xpath://div[7]//div[1]//div[2]//label[1]//span[1]</arg>
</arguments>
<msg timestamp="20200604 02:40:43.676" level="INFO">Clicking element 'xpath://div[7]//div[1]//div[2]//label[1]//span[1]'.</msg>
<status status="PASS" starttime="20200604 02:40:43.676" endtime="20200604 02:40:43.727"></status>
</kw>
<kw name="Click Element" library="SeleniumLibrary">
<doc>Click the element identified by ``locator``.</doc>
<arguments>
<arg>xpath://div[8]//div[1]//div[2]//label[1]//span[1]</arg>
</arguments>
<msg timestamp="20200604 02:40:43.727" level="INFO">Clicking element 'xpath://div[8]//div[1]//div[2]//label[1]//span[1]'.</msg>
<status status="PASS" starttime="20200604 02:40:43.727" endtime="20200604 02:40:43.777"></status>
</kw>
<kw name="Click Button" library="SeleniumLibrary">
<doc>Clicks the button identified by ``locator``.</doc>
<arguments>
<arg>${SAVE}</arg>
</arguments>
<msg timestamp="20200604 02:40:43.777" level="INFO">Clicking button 'id=save-btn'.</msg>
<status status="PASS" starttime="20200604 02:40:43.777" endtime="20200604 02:40:43.840"></status>
</kw>
<status status="PASS" starttime="20200604 02:40:19.229" endtime="20200604 02:40:43.840"></status>
</kw>
<kw name="Sleep" library="BuiltIn">
<doc>Pauses the test executed for the given time.</doc>
<arguments>
<arg>2</arg>
</arguments>
<msg timestamp="20200604 02:40:45.841" level="INFO">Slept 2 seconds</msg>
<status status="PASS" starttime="20200604 02:40:43.840" endtime="20200604 02:40:45.841"></status>
</kw>
<kw name="Click Button" library="SeleniumLibrary">
<doc>Clicks the button identified by ``locator``.</doc>
<arguments>
<arg>${NEXT}</arg>
</arguments>
<msg timestamp="20200604 02:40:45.842" level="INFO">Clicking button 'id=next-btn'.</msg>
<status status="PASS" starttime="20200604 02:40:45.841" endtime="20200604 02:40:45.907"></status>
</kw>
<kw name="Personal Contact Info">
<kw name="Input Text" library="SeleniumLibrary">
<doc>Types the given ``text`` into the text field identified by ``locator``.</doc>
<arguments>
<arg>${CONTACT_NAME}</arg>
<arg>David</arg>
</arguments>
<msg timestamp="20200604 02:40:45.908" level="INFO">Typing text 'David' into text field 'xpath://input[@id='react-contact_info-name']'.</msg>
<status status="PASS" starttime="20200604 02:40:45.908" endtime="20200604 02:40:46.193"></status>
</kw>
<kw name="Input Text" library="SeleniumLibrary">
[...]
</arguments>
<msg timestamp="20200604 02:40:55.167" level="INFO">Sending C:\Users\daksh\git\BGP-Project\BusinessGrandsPortal\Images\MRT.jpg to browser.</msg>
<status status="PASS" starttime="20200604 02:40:55.166" endtime="20200604 02:40:55.238"></status>
</kw>
<kw name="Sleep" library="BuiltIn">
<doc>Pauses the test executed for the given time.</doc>
<arguments>
<arg>10</arg>
</arguments>
<msg timestamp="20200604 02:41:05.240" level="INFO">Slept 10 seconds</msg>
<status status="PASS" starttime="20200604 02:40:55.238" endtime="20200604 02:41:05.240"></status>
</kw>
<kw name="Input Text" library="SeleniumLibrary">
<doc>Types the given ``text`` into the text field identified by ``locator``.</doc>
<arguments>
<arg>id=react-project-remarks</arg>
<arg>No Remarks</arg>
</arguments>
<msg timestamp="20200604 02:41:05.241" level="INFO">Typing text 'No Remarks' into text field 'id=react-project-remarks'.</msg>
<status status="PASS" starttime="20200604 02:41:05.240" endtime="20200604 02:41:05.419"></status>
</kw>
<kw name="Click Button" library="SeleniumLibrary">
<doc>Clicks the button identified by ``locator``.</doc>
<arguments>
<arg>${SAVE}</arg>
</arguments>
<msg timestamp="20200604 02:41:05.419" level="INFO">Clicking button 'id=save-btn'.</msg>
<status status="PASS" starttime="20200604 02:41:05.419" endtime="20200604 02:41:05.480"></status>
</kw>
<kw name="Click Button" library="SeleniumLibrary">
<doc>Clicks the button identified by ``locator``.</doc>
<arguments>
<arg>${NEXT}</arg>
</arguments>
<msg timestamp="20200604 02:41:05.481" level="INFO">Clicking button 'id=next-btn'.</msg>
<status status="PASS" starttime="20200604 02:41:05.480" endtime="20200604 02:41:05.551"></status>
</kw>
<kw name="Input Text" library="SeleniumLibrary">
<doc>Types the given ``text`` into the text field identified by ``locator``.</doc>
<arguments>
<arg>id=react-project_impact-fy_end_date_0</arg>
<arg>${FY_END_DATE}</arg>
</arguments>
<msg timestamp="20200604 02:41:05.554" level="INFO">Typing text '30 Jun 2020' into text field 'id=react-project_impact-fy_end_date_0'.</msg>
<status status="PASS" starttime="20200604 02:41:05.553" endtime="20200604 02:41:05.987"></status>
</kw>
<kw name="Input Text" library="SeleniumLibrary">
<doc>Types the given ``text`` into the text field identified by ``locator``.</doc>
<arguments>
<arg>id=react-project_impact-overseas_sales_0</arg>
<arg>${OVERSEAS_SALES_1}</arg>
</arguments>
<msg timestamp="20200604 02:41:05.988" level="INFO">Typing text '100,000' into text field 'id=react-project_impact-overseas_sales_0'.</msg>
<status status="PASS" starttime="20200604 02:41:05.988" endtime="20200604 02:41:06.121"></status>
</kw>
<kw name="Input Text" library="SeleniumLibrary">
<doc>Types the given ``text`` into the text field identified by ``locator``.</doc>
<arguments>
<arg>id=react-project_impact-overseas_sales_1</arg>
<arg>${OVERSEAS_SALES_2}</arg>
</arguments>
<msg timestamp="20200604 02:41:06.121" level="INFO">Typing text '200,000' into text field 'id=react-project_impact-overseas_sales_1'.</msg>
<status status="PASS" starttime="20200604 02:41:06.121" endtime="20200604 02:41:06.247"></status>
</kw>
<kw name="Input Text" library="SeleniumLibrary">
<doc>Types the given ``text`` into the text field identified by ``locator``.</doc>
<arguments>
<arg>id=react-project_impact-overseas_sales_2</arg>
<arg>${OVERSEAS_SALES_3}</arg>
</arguments>
<msg timestamp="20200604 02:41:06.247" level="INFO">Typing text '300,000' into text field 'id=react-project_impact-overseas_sales_2'.</msg>
<status status="PASS" starttime="20200604 02:41:06.247" endtime="20200604 02:41:06.373"></status>
</kw>
<kw name="Input Text" library="SeleniumLibrary">
<doc>Types the given ``text`` into the text field identified by ``locator``.</doc>
<arguments>
<arg>id=react-project_impact-overseas_sales_3</arg>
<arg>${OVERSEAS_SALES_4}</arg>
</arguments>
<msg timestamp="20200604 02:41:06.373" level="INFO">Typing text '350,000' into text field 'id=react-project_impact-overseas_sales_3'.</msg>
<status status="PASS" starttime="20200604 02:41:06.373" endtime="20200604 02:41:06.496"></status>
</kw>
<kw name="Input Text" library="SeleniumLibrary">
<doc>Types the given ``text`` into the text field identified by ``locator``.</doc>
<arguments>
<arg>id=react-project_impact-overseas_investments_0</arg>
<arg>${OVERSEAS_INVEST_0}</arg>
</arguments>
<msg timestamp="20200604 02:41:06.496" level="INFO">Typing text '170,000' into text field 'id=react-project_impact-overseas_investments_0'.</msg>
<status status="PASS" starttime="20200604 02:41:06.496" endtime="20200604 02:41:06.625"></status>
</kw>
<kw name="Input Text" library="SeleniumLibrary">
<doc>Types the given ``text`` into the text field identified by ``locator``.</doc>
<arguments>
<arg>id=react-project_impact-overseas_investments_1</arg>
<arg>${OVERSEAS_INVEST_1}</arg>
</arguments>
<msg timestamp="20200604 02:41:06.625" level="INFO">Typing text '200,000' into text field 'id=react-project_impact-overseas_investments_1'.</msg>
<status status="PASS" starttime="20200604 02:41:06.625" endtime="20200604 02:41:06.751"></status>
</kw>
<kw name="Input Text" library="SeleniumLibrary">
<doc>Types the given ``text`` into the text field identified by ``locator``.</doc>
<arguments>
<arg>id=react-project_impact-overseas_investments_2</arg>
<arg>${OVERSEAS_INVEST_2}</arg>
</arguments>
<msg timestamp="20200604 02:41:06.751" level="INFO">Typing text '350,000' into text field 'id=react-project_impact-overseas_investments_2'.</msg>
<status status="PASS" starttime="20200604 02:41:06.751" endtime="20200604 02:41:06.885"></status>
</kw>
<kw name="Input Text" library="SeleniumLibrary">
<doc>Types the given ``text`` into the text field identified by ``locator``.</doc>
<arguments>
<arg>id=react-project_impact-overseas_investments_3</arg>
<arg>${OVERSEAS_INVEST_3}</arg>
</arguments>
<msg timestamp="20200604 02:41:06.886" level="INFO">Typing text '400,000' into text field 'id=react-project_impact-overseas_investments_3'.</msg>
<status status="PASS" starttime="20200604 02:41:06.886" endtime="20200604 02:41:07.035"></status>
</kw>
<kw name="Sleep" library="BuiltIn">
<doc>Pauses the test executed for the given time.</doc>
<arguments>
<arg>2</arg>
</arguments>
<msg timestamp="20200604 02:41:09.037" level="INFO">Slept 2 seconds</msg>
<status status="PASS" starttime="20200604 02:41:07.035" endtime="20200604 02:41:09.038"></status>
</kw>
<kw name="Input Text" library="SeleniumLibrary">
<doc>Types the given ``text`` into the text field identified by ``locator``.</doc>
<arguments>
<arg>id=react-project_impact-rationale_remarks</arg>
<arg>To develop business</arg>
</arguments>
<msg timestamp="20200604 02:41:09.041" level="INFO">Typing text 'To develop business' into text field 'id=react-project_impact-rationale_remarks'.</msg>
<status status="PASS" starttime="20200604 02:41:09.039" endtime="20200604 02:41:09.249"></status>
</kw>
<kw name="Input Text" library="SeleniumLibrary">
<doc>Types the given ``text`` into the text field identified by ``locator``.</doc>
<arguments>
<arg>id= react-project_impact-benefits_remarks</arg>
<arg>To Publicity</arg>
</arguments>
<msg timestamp="20200604 02:41:09.250" level="INFO">Typing text 'To Publicity' into text field 'id= react-project_impact-benefits_remarks'.</msg>
<status status="PASS" starttime="20200604 02:41:09.249" endtime="20200604 02:41:09.424"></status>
</kw>
<kw name="Click Button" library="SeleniumLibrary">
<doc>Clicks the button identified by ``locator``.</doc>
<arguments>
<arg>${SAVE}</arg>
</arguments>
<msg timestamp="20200604 02:41:09.425" level="INFO">Clicking button 'id=save-btn'.</msg>
<status status="PASS" starttime="20200604 02:41:09.425" endtime="20200604 02:41:09.493"></status>
</kw>
<kw name="Click Button" library="SeleniumLibrary">
<doc>Clicks the button identified by ``locator``.</doc>
<arguments>
<arg>${NEXT}</arg>
</arguments>
<msg timestamp="20200604 02:41:09.494" level="INFO">Clicking button 'id=next-btn'.</msg>
<status status="PASS" starttime="20200604 02:41:09.494" endtime="20200604 02:41:09.578"></status>
</kw>
<kw name="Sleep" library="BuiltIn">
<doc>Pauses the test executed for the given time.</doc>
<arguments>
<arg>2</arg>
</arguments>
<msg timestamp="20200604 02:41:11.579" level="INFO">Slept 2 seconds</msg>
<status status="PASS" starttime="20200604 02:41:09.578" endtime="20200604 02:41:11.580"></status>
</kw>
<kw name="Click Element" library="SeleniumLibrary">
<doc>Click the element identified by ``locator``.</doc>
<arguments>
<arg>id=react-project_cost-vendors-accordion-header</arg>
</arguments>
<msg timestamp="20200604 02:41:11.581" level="INFO">Clicking element 'id=react-project_cost-vendors-accordion-header'.</msg>
<status status="PASS" starttime="20200604 02:41:11.580" endtime="20200604 02:41:11.643"></status>
</kw>
<kw name="Click Element" library="SeleniumLibrary">
<doc>Click the element identified by ``locator``.</doc>
<arguments>
<arg>id=react-project_cost-vendors-add-item</arg>
</arguments>
<msg timestamp="20200604 02:41:11.643" level="INFO">Clicking element 'id=react-project_cost-vendors-add-item'.</msg>
<status status="PASS" starttime="20200604 02:41:11.643" endtime="20200604 02:41:11.747"></status>
</kw>
<kw name="Click Element" library="SeleniumLibrary">
<doc>Click the element identified by ``locator``.</doc>
<arguments>
<arg>xpath://label[2]//span[1]</arg>
</arguments>
<msg timestamp="20200604 02:41:11.747" level="INFO">Clicking element 'xpath://label[2]//span[1]'.</msg>
<status status="PASS" starttime="20200604 02:41:11.747" endtime="20200604 02:41:12.005"></status>
</kw>
<kw name="Input Text" library="SeleniumLibrary">
<doc>Types the given ``text`` into the text field identified by ``locator``.</doc>
<arguments>
<arg>id=react-project_cost-vendors-0-vendor_name</arg>
<arg>Adrian Tan</arg>
</arguments>
<msg timestamp="20200604 02:41:12.006" level="INFO">Typing text 'Adrian Tan' into text field 'id=react-project_cost-vendors-0-vendor_name'.</msg>
<status status="PASS" starttime="20200604 02:41:12.005" endtime="20200604 02:41:12.272"></status>
</kw>
<kw name="Choose File" library="SeleniumLibrary">
<doc>Inputs the ``file_path`` into the file input field ``locator``.</doc>
<arguments>
<arg>xpath://input[@type='file']</arg>
<arg>${EXECDIR}${/}${Image_Path}${/}${File_Name}</arg>
</arguments>
<msg timestamp="20200604 02:41:12.274" level="INFO">Sending C:\Users\daksh\git\BGP-Project\BusinessGrandsPortal\Images\MRT.jpg to browser.</msg>
<status status="PASS" starttime="20200604 02:41:12.273" endtime="20200604 02:41:12.327"></status>
</kw>
<kw name="Sleep" library="BuiltIn">
<doc>Pauses the test executed for the given time.</doc>
<arguments>
<arg>5</arg>
</arguments>
<msg timestamp="20200604 02:41:17.329" level="INFO">Slept 5 seconds</msg>
<status status="PASS" starttime="20200604 02:41:12.327" endtime="20200604 02:41:17.329"></status>
</kw>
<kw name="Input Text" library="SeleniumLibrary">
<doc>Types the given ``text`` into the text field identified by ``locator``.</doc>
<arguments>
<arg>id=react-project_cost-vendors-0-amount_in_billing_currency</arg>
<arg>100,000,000</arg>
</arguments>
<msg timestamp="20200604 02:41:17.330" level="INFO">Typing text '100,000,000' into text field 'id=react-project_cost-vendors-0-amount_in_billing_currency'.</msg>
<status status="PASS" starttime="20200604 02:41:17.329" endtime="20200604 02:41:17.615"></status>
</kw>
<kw name="Input Text" library="SeleniumLibrary">
<doc>Types the given ``text`` into the text field identified by ``locator``.</doc>
<arguments>
<arg>id=react-project_cost-remarks</arg>
<arg>No Remarks</arg>
</arguments>
<msg timestamp="20200604 02:41:17.616" level="INFO">Typing text 'No Remarks' into text field 'id=react-project_cost-remarks'.</msg>
<status status="PASS" starttime="20200604 02:41:17.616" endtime="20200604 02:41:17.859"></status>
</kw>
<kw name="Click Button" library="SeleniumLibrary">
<doc>Clicks the button identified by ``locator``.</doc>
<arguments>
<arg>${SAVE}</arg>
</arguments>
<msg timestamp="20200604 02:41:17.860" level="INFO">Clicking button 'id=save-btn'.</msg>
<status status="PASS" starttime="20200604 02:41:17.859" endtime="20200604 02:41:17.927"></status>
</kw>
<kw name="Click Button" library="SeleniumLibrary">
<doc>Clicks the button identified by ``locator``.</doc>
<arguments>
<arg>${NEXT}</arg>
</arguments>
<msg timestamp="20200604 02:41:17.928" level="INFO">Clicking button 'id=next-btn'.</msg>
<status status="PASS" starttime="20200604 02:41:17.927" endtime="20200604 02:41:18.002"></status>
</kw>
<kw name="Click Element" library="SeleniumLibrary">
<doc>Click the element identified by ``locator``.</doc>
<arguments>
<arg>xpath://li[1]//div[1]//div[2]//label[1]//span[1]</arg>
</arguments>
<msg timestamp="20200604 02:41:18.003" level="INFO">Clicking element 'xpath://li[1]//div[1]//div[2]//label[1]//span[1]'.</msg>
<status status="PASS" starttime="20200604 02:41:18.003" endtime="20200604 02:41:18.573"></status>
</kw>
<kw name="Click Element" library="SeleniumLibrary">
<doc>Click the element identified by ``locator``.</doc>
<arguments>
<arg>xpath://li[2]//div[1]//div[2]//label[1]//span[1]</arg>
</arguments>
<msg timestamp="20200604 02:41:18.573" level="INFO">Clicking element 'xpath://li[2]//div[1]//div[2]//label[1]//span[1]'.</msg>
<status status="PASS" starttime="20200604 02:41:18.573" endtime="20200604 02:41:18.644"></status>
</kw>
<kw name="Click Element" library="SeleniumLibrary">
<doc>Click the element identified by ``locator``.</doc>
<arguments>
<arg>xpath://li[3]//div[1]//div[2]//label[1]//span[1]</arg>
</arguments>
<msg timestamp="20200604 02:41:18.645" level="INFO">Clicking element 'xpath://li[3]//div[1]//div[2]//label[1]//span[1]'.</msg>
<status status="PASS" starttime="20200604 02:41:18.645" endtime="20200604 02:41:18.703"></status>
</kw>
<kw name="Click Element" library="SeleniumLibrary">
<doc>Click the element identified by ``locator``.</doc>
<arguments>
<arg>xpath://li[4]//div[1]//div[2]//label[1]//span[1]</arg>
</arguments>
<msg timestamp="20200604 02:41:18.703" level="INFO">Clicking element 'xpath://li[4]//div[1]//div[2]//label[1]//span[1]'.</msg>
<status status="PASS" starttime="20200604 02:41:18.703" endtime="20200604 02:41:18.751"></status>
</kw>
<kw name="Click Element" library="SeleniumLibrary">
<doc>Click the element identified by ``locator``.</doc>
<arguments>
<arg>xpath://li[5]//div[1]//div[2]//label[1]//span[1]</arg>
</arguments>
<msg timestamp="20200604 02:41:18.752" level="INFO">Clicking element 'xpath://li[5]//div[1]//div[2]//label[1]//span[1]'.</msg>
<status status="PASS" starttime="20200604 02:41:18.752" endtime="20200604 02:41:18.802"></status>
</kw>
<kw name="Click Element" library="SeleniumLibrary">
<doc>Click the element identified by ``locator``.</doc>
<arguments>
<arg>xpath://li[6]//div[1]//div[2]//label[1]//span[1]</arg>
</arguments>
<msg timestamp="20200604 02:41:18.803" level="INFO">Clicking element 'xpath://li[6]//div[1]//div[2]//label[1]//span[1]'.</msg>
<status status="PASS" starttime="20200604 02:41:18.803" endtime="20200604 02:41:18.852"></status>
</kw>
<kw name="Click Element" library="SeleniumLibrary">
<doc>Click the element identified by ``locator``.</doc>
<arguments>
<arg>xpath://li[7]//div[1]//div[2]//label[1]//span[1]</arg>
</arguments>
<msg timestamp="20200604 02:41:18.853" level="INFO">Clicking element 'xpath://li[7]//div[1]//div[2]//label[1]//span[1]'.</msg>
<status status="PASS" starttime="20200604 02:41:18.853" endtime="20200604 02:41:18.899"></status>
</kw>
<kw name="Click Element" library="SeleniumLibrary">
<doc>Click the element identified by ``locator``.</doc>
<arguments>
<arg>xpath://li[8]//div[1]//div[2]//label[2]//span[1]</arg>
</arguments>
<msg timestamp="20200604 02:41:18.899" level="INFO">Clicking element 'xpath://li[8]//div[1]//div[2]//label[2]//span[1]'.</msg>
<status status="PASS" starttime="20200604 02:41:18.899" endtime="20200604 02:41:18.952"></status>
</kw>
<kw name="Click Element" library="SeleniumLibrary">
<doc>Click the element identified by ``locator``.</doc>
<arguments>
<arg>xpath://li[9]//div[1]//div[2]//label[2]//span[1]</arg>
</arguments>
<msg timestamp="20200604 02:41:18.952" level="INFO">Clicking element 'xpath://li[9]//div[1]//div[2]//label[2]//span[1]'.</msg>
<status status="PASS" starttime="20200604 02:41:18.952" endtime="20200604 02:41:19.004"></status>
</kw>
<kw name="Click Element" library="SeleniumLibrary">
<doc>Click the element identified by ``locator``.</doc>
<arguments>
<arg>xpath://input[@id='react-declaration-consent_acknowledgement_check']</arg>
</arguments>
<msg timestamp="20200604 02:41:19.005" level="INFO">Clicking element 'xpath://input[@id='react-declaration-consent_acknowledgement_check']'.</msg>
<status status="PASS" starttime="20200604 02:41:19.005" endtime="20200604 02:41:19.069"></status>
</kw>
<kw name="Click Button" library="SeleniumLibrary">
<doc>Clicks the button identified by ``locator``.</doc>
<arguments>
<arg>${SAVE}</arg>
</arguments>
<msg timestamp="20200604 02:41:19.070" level="INFO">Clicking button 'id=save-btn'.</msg>
<status status="PASS" starttime="20200604 02:41:19.069" endtime="20200604 02:41:19.133"></status>
</kw>
<kw name="Click Button" library="SeleniumLibrary">
<doc>Clicks the button identified by ``locator``.</doc>
<arguments>
<arg>id=review-btn</arg>
</arguments>
<msg timestamp="20200604 02:41:19.133" level="INFO">Clicking button 'id=review-btn'.</msg>
<status status="PASS" starttime="20200604 02:41:19.133" endtime="20200604 02:41:19.198"></status>
</kw>
<kw name="Click Element" library="SeleniumLibrary">
<doc>Click the element identified by ``locator``.</doc>
<arguments>
<arg>id=react-declaration-info_truthfulness_check</arg>
</arguments>
<msg timestamp="20200604 02:41:19.199" level="INFO">Clicking element 'id=react-declaration-info_truthfulness_check'.</msg>
<status status="PASS" starttime="20200604 02:41:19.198" endtime="20200604 02:41:22.512"></status>
</kw>
<kw name="Click Button" library="SeleniumLibrary">
<doc>Clicks the button identified by ``locator``.</doc>
<arguments>
<arg>id=submit-btn</arg>
</arguments>
<msg timestamp="20200604 02:41:22.513" level="INFO">Clicking button 'id=submit-btn'.</msg>
<status status="PASS" starttime="20200604 02:41:22.512" endtime="20200604 02:41:22.587"></status>
</kw>
<kw name="Log" library="BuiltIn">
<doc>Logs the given message with the given level.</doc>
<arguments>
<arg>TestComplete</arg>
</arguments>
<msg timestamp="20200604 02:41:22.588" level="INFO">TestComplete</msg>
<status status="PASS" starttime="20200604 02:41:22.588" endtime="20200604 02:41:22.588"></status>
</kw>
<doc>An Applicant proposal page</doc>
<status status="PASS" starttime="20200604 02:40:11.986" endtime="20200604 02:41:22.588" critical="yes"></status>
</test>
<status status="PASS" starttime="20200604 02:37:42.712" endtime="20200604 02:41:22.589"></status>
</suite>
<status status="PASS" starttime="20200604 02:37:42.709" endtime="20200604 02:41:22.593"></status>
</suite>
<status status="PASS" starttime="20200604 02:37:42.689" endtime="20200604 02:41:22.596"></status>
</suite>
<statistics>
<total>
<stat pass="6" fail="0">Critical Tests</stat>
<stat pass="6" fail="0">All Tests</stat>
</total>
<tag>
</tag>
<suite>
<stat pass="6" fail="0" id="s1" name="BusinessGrandsPortal">BusinessGrandsPortal</stat>
<stat pass="6" fail="0" id="s1-s1" name="Test">BusinessGrandsPortal.Test</stat>
<stat pass="6" fail="0" id="s1-s1-s1" name="EligibilitySection1">BusinessGrandsPortal.Test.EligibilitySection1</stat>
</suite>
</statistics>
<errors>
</errors>
</robot>
